mode: atomic
cli-project/tests/mocks/repository/mock_question_interface.go:27.81,31.2 3 0
cli-project/tests/mocks/repository/mock_question_interface.go:34.79,36.2 1 0
cli-project/tests/mocks/repository/mock_question_interface.go:39.78,44.2 4 0
cli-project/tests/mocks/repository/mock_question_interface.go:47.91,50.2 2 0
cli-project/tests/mocks/repository/mock_question_interface.go:53.73,58.2 4 0
cli-project/tests/mocks/repository/mock_question_interface.go:61.95,64.2 2 0
cli-project/tests/mocks/repository/mock_question_interface.go:67.64,73.2 5 0
cli-project/tests/mocks/repository/mock_question_interface.go:76.77,79.2 2 0
cli-project/tests/mocks/repository/mock_question_interface.go:82.79,88.2 5 0
cli-project/tests/mocks/repository/mock_question_interface.go:91.80,94.2 2 0
cli-project/tests/mocks/repository/mock_question_interface.go:97.91,103.2 5 0
cli-project/tests/mocks/repository/mock_question_interface.go:106.96,109.2 2 0
cli-project/tests/mocks/repository/mock_question_interface.go:112.108,118.2 5 0
cli-project/tests/mocks/repository/mock_question_interface.go:121.114,124.2 2 0
cli-project/tests/mocks/repository/mock_question_interface.go:127.80,133.2 5 0
cli-project/tests/mocks/repository/mock_question_interface.go:136.97,139.2 2 0
cli-project/tests/mocks/repository/mock_question_interface.go:142.87,148.2 5 0
cli-project/tests/mocks/repository/mock_question_interface.go:151.104,154.2 2 0
cli-project/tests/mocks/repository/mock_question_interface.go:157.72,162.2 4 0
cli-project/tests/mocks/repository/mock_question_interface.go:165.97,168.2 2 0
cli-project/tests/mocks/repository/mock_user_interface.go:27.73,31.2 3 0
cli-project/tests/mocks/repository/mock_user_interface.go:34.71,36.2 1 0
cli-project/tests/mocks/repository/mock_user_interface.go:39.57,44.2 4 0
cli-project/tests/mocks/repository/mock_user_interface.go:47.82,50.2 2 0
cli-project/tests/mocks/repository/mock_user_interface.go:53.75,59.2 5 0
cli-project/tests/mocks/repository/mock_user_interface.go:62.88,65.2 2 0
cli-project/tests/mocks/repository/mock_user_interface.go:68.74,73.2 4 0
cli-project/tests/mocks/repository/mock_user_interface.go:76.85,79.2 2 0
cli-project/tests/mocks/repository/mock_user_interface.go:82.78,88.2 5 0
cli-project/tests/mocks/repository/mock_user_interface.go:91.72,94.2 2 0
cli-project/tests/mocks/repository/mock_user_interface.go:97.87,103.2 5 0
cli-project/tests/mocks/repository/mock_user_interface.go:106.88,109.2 2 0
cli-project/tests/mocks/repository/mock_user_interface.go:112.93,118.2 5 0
cli-project/tests/mocks/repository/mock_user_interface.go:121.94,124.2 2 0
cli-project/tests/mocks/repository/mock_user_interface.go:127.80,133.2 5 0
cli-project/tests/mocks/repository/mock_user_interface.go:136.92,139.2 2 0
cli-project/tests/mocks/repository/mock_user_interface.go:142.71,148.2 5 0
cli-project/tests/mocks/repository/mock_user_interface.go:151.88,154.2 2 0
cli-project/tests/mocks/repository/mock_user_interface.go:157.76,163.2 5 0
cli-project/tests/mocks/repository/mock_user_interface.go:166.93,169.2 2 0
cli-project/tests/mocks/repository/mock_user_interface.go:172.74,178.2 5 0
cli-project/tests/mocks/repository/mock_user_interface.go:181.91,184.2 2 0
cli-project/tests/mocks/repository/mock_user_interface.go:187.59,192.2 4 0
cli-project/tests/mocks/repository/mock_user_interface.go:195.84,198.2 2 0
cli-project/tests/mocks/repository/mock_user_interface.go:201.81,206.2 4 0
cli-project/tests/mocks/repository/mock_user_interface.go:209.92,212.2 2 0
cli-project/tests/mocks/repository/mock_user_interface.go:215.94,220.2 4 0
cli-project/tests/mocks/repository/mock_user_interface.go:223.107,226.2 2 0
cli-project/tests/mocks/services/mock_auth_service_interface.go:25.67,29.2 3 0
cli-project/tests/mocks/services/mock_auth_service_interface.go:32.65,34.2 1 0
cli-project/tests/mocks/services/mock_auth_service_interface.go:37.69,43.2 5 0
cli-project/tests/mocks/services/mock_auth_service_interface.go:46.86,49.2 2 0
cli-project/tests/mocks/services/mock_auth_service_interface.go:52.79,58.2 5 0
cli-project/tests/mocks/services/mock_auth_service_interface.go:61.96,64.2 2 0
cli-project/tests/mocks/services/mock_auth_service_interface.go:67.75,73.2 5 0
cli-project/tests/mocks/services/mock_auth_service_interface.go:76.92,79.2 2 0
cli-project/tests/mocks/services/mock_auth_service_interface.go:82.83,88.2 5 0
cli-project/tests/mocks/services/mock_auth_service_interface.go:91.100,94.2 2 0
cli-project/tests/mocks/services/mock_leetcode_interface.go:26.67,30.2 3 0
cli-project/tests/mocks/services/mock_leetcode_interface.go:33.65,35.2 1 0
cli-project/tests/mocks/services/mock_leetcode_interface.go:38.117,44.2 5 0
cli-project/tests/mocks/services/mock_leetcode_interface.go:47.93,50.2 2 0
cli-project/tests/mocks/services/mock_leetcode_interface.go:53.107,59.2 5 0
cli-project/tests/mocks/services/mock_leetcode_interface.go:62.105,65.2 2 0
cli-project/tests/mocks/services/mock_leetcode_interface.go:68.90,74.2 5 0
cli-project/tests/mocks/services/mock_leetcode_interface.go:77.90,80.2 2 0
cli-project/tests/mocks/services/mock_leetcode_interface.go:83.86,89.2 5 0
cli-project/tests/mocks/services/mock_leetcode_interface.go:92.86,95.2 2 0
cli-project/tests/mocks/services/mock_leetcode_interface.go:98.75,104.2 5 0
cli-project/tests/mocks/services/mock_leetcode_interface.go:107.92,110.2 2 0
cli-project/tests/mocks/services/mock_question_service_interface.go:27.75,31.2 3 0
cli-project/tests/mocks/services/mock_question_service_interface.go:34.73,36.2 1 0
cli-project/tests/mocks/services/mock_question_service_interface.go:39.91,45.2 5 0
cli-project/tests/mocks/services/mock_question_service_interface.go:48.108,51.2 2 0
cli-project/tests/mocks/services/mock_question_service_interface.go:54.74,60.2 5 0
cli-project/tests/mocks/services/mock_question_service_interface.go:63.75,66.2 2 0
cli-project/tests/mocks/services/mock_question_service_interface.go:69.92,75.2 5 0
cli-project/tests/mocks/services/mock_question_service_interface.go:78.97,81.2 2 0
cli-project/tests/mocks/services/mock_question_service_interface.go:84.113,90.2 5 0
cli-project/tests/mocks/services/mock_question_service_interface.go:93.119,96.2 2 0
cli-project/tests/mocks/services/mock_question_service_interface.go:99.69,105.2 5 0
cli-project/tests/mocks/services/mock_question_service_interface.go:108.82,111.2 2 0
cli-project/tests/mocks/services/mock_question_service_interface.go:114.83,120.2 5 0
cli-project/tests/mocks/services/mock_question_service_interface.go:123.100,126.2 2 0
cli-project/tests/mocks/services/mock_question_service_interface.go:129.84,135.2 5 0
cli-project/tests/mocks/services/mock_question_service_interface.go:138.101,141.2 2 0
cli-project/tests/mocks/services/mock_question_service_interface.go:144.75,149.2 4 0
cli-project/tests/mocks/services/mock_question_service_interface.go:152.100,155.2 2 0
cli-project/tests/mocks/services/mock_user_service_interface.go:26.67,30.2 3 0
cli-project/tests/mocks/services/mock_user_service_interface.go:33.65,35.2 1 0
cli-project/tests/mocks/services/mock_user_service_interface.go:38.66,44.2 5 0
cli-project/tests/mocks/services/mock_user_service_interface.go:47.83,50.2 2 0
cli-project/tests/mocks/services/mock_user_service_interface.go:53.71,59.2 5 0
cli-project/tests/mocks/services/mock_user_service_interface.go:62.84,65.2 2 0
cli-project/tests/mocks/services/mock_user_service_interface.go:68.73,74.2 5 0
cli-project/tests/mocks/services/mock_user_service_interface.go:77.67,80.2 2 0
cli-project/tests/mocks/services/mock_user_service_interface.go:83.77,89.2 5 0
cli-project/tests/mocks/services/mock_user_service_interface.go:92.72,95.2 2 0
cli-project/tests/mocks/services/mock_user_service_interface.go:98.84,104.2 5 0
cli-project/tests/mocks/services/mock_user_service_interface.go:107.85,110.2 2 0
cli-project/tests/mocks/services/mock_user_service_interface.go:113.92,119.2 5 0
cli-project/tests/mocks/services/mock_user_service_interface.go:122.93,125.2 2 0
cli-project/tests/mocks/services/mock_user_service_interface.go:128.94,134.2 5 0
cli-project/tests/mocks/services/mock_user_service_interface.go:137.94,140.2 2 0
cli-project/tests/mocks/services/mock_user_service_interface.go:143.70,149.2 5 0
cli-project/tests/mocks/services/mock_user_service_interface.go:152.85,155.2 2 0
cli-project/tests/mocks/services/mock_user_service_interface.go:158.94,164.2 5 0
cli-project/tests/mocks/services/mock_user_service_interface.go:167.94,170.2 2 0
cli-project/tests/mocks/services/mock_user_service_interface.go:173.77,179.2 5 0
cli-project/tests/mocks/services/mock_user_service_interface.go:182.89,185.2 2 0
cli-project/tests/mocks/services/mock_user_service_interface.go:188.70,194.2 5 0
cli-project/tests/mocks/services/mock_user_service_interface.go:197.85,200.2 2 0
cli-project/tests/mocks/services/mock_user_service_interface.go:203.69,209.2 5 0
cli-project/tests/mocks/services/mock_user_service_interface.go:212.86,215.2 2 0
cli-project/tests/mocks/services/mock_user_service_interface.go:218.66,223.2 4 0
cli-project/tests/mocks/services/mock_user_service_interface.go:226.91,229.2 2 0
cli-project/tests/mocks/services/mock_user_service_interface.go:232.42,237.2 4 0
cli-project/tests/mocks/services/mock_user_service_interface.go:240.62,243.2 2 0
cli-project/tests/mocks/services/mock_user_service_interface.go:246.67,251.2 4 0
cli-project/tests/mocks/services/mock_user_service_interface.go:254.78,257.2 2 0
cli-project/tests/mocks/services/mock_user_service_interface.go:260.68,266.2 5 0
cli-project/tests/mocks/services/mock_user_service_interface.go:269.85,272.2 2 0
cli-project/tests/mocks/services/mock_user_service_interface.go:275.54,280.2 4 0
cli-project/tests/mocks/services/mock_user_service_interface.go:283.74,286.2 2 0
cli-project/tests/mocks/services/mock_user_service_interface.go:289.49,294.2 4 0
cli-project/tests/mocks/services/mock_user_service_interface.go:297.69,300.2 2 0
cli-project/external/api/leetcode_api.go:16.46,18.2 1 24
cli-project/external/api/leetcode_api.go:21.115,27.16 3 9
cli-project/external/api/leetcode_api.go:27.16,29.3 1 0
cli-project/external/api/leetcode_api.go:31.2,32.16 2 9
cli-project/external/api/leetcode_api.go:32.16,34.3 1 0
cli-project/external/api/leetcode_api.go:35.2,37.38 2 9
cli-project/external/api/leetcode_api.go:37.38,39.3 1 4
cli-project/external/api/leetcode_api.go:41.2,42.67 2 5
cli-project/external/api/leetcode_api.go:42.67,44.3 1 0
cli-project/external/api/leetcode_api.go:46.2,47.9 2 5
cli-project/external/api/leetcode_api.go:47.9,49.3 1 0
cli-project/external/api/leetcode_api.go:50.2,50.18 1 5
cli-project/external/api/leetcode_api.go:54.88,72.16 3 4
cli-project/external/api/leetcode_api.go:72.16,74.3 1 2
cli-project/external/api/leetcode_api.go:76.2,81.81 2 2
cli-project/external/api/leetcode_api.go:81.81,82.42 1 2
cli-project/external/api/leetcode_api.go:82.42,86.22 4 8
cli-project/external/api/leetcode_api.go:87.15,88.38 1 2
cli-project/external/api/leetcode_api.go:89.16,90.33 1 2
cli-project/external/api/leetcode_api.go:91.18,92.35 1 2
cli-project/external/api/leetcode_api.go:93.16,94.33 1 2
cli-project/external/api/leetcode_api.go:99.2,99.78 1 2
cli-project/external/api/leetcode_api.go:99.78,100.93 1 2
cli-project/external/api/leetcode_api.go:100.93,101.87 1 2
cli-project/external/api/leetcode_api.go:101.87,102.42 1 2
cli-project/external/api/leetcode_api.go:102.42,106.24 4 8
cli-project/external/api/leetcode_api.go:107.17,108.44 1 2
cli-project/external/api/leetcode_api.go:109.18,110.34 1 2
cli-project/external/api/leetcode_api.go:111.20,112.36 1 2
cli-project/external/api/leetcode_api.go:113.18,114.34 1 2
cli-project/external/api/leetcode_api.go:121.2,121.19 1 2
cli-project/external/api/leetcode_api.go:125.105,135.16 3 3
cli-project/external/api/leetcode_api.go:135.16,137.3 1 1
cli-project/external/api/leetcode_api.go:139.2,140.92 2 2
cli-project/external/api/leetcode_api.go:140.92,141.42 1 2
cli-project/external/api/leetcode_api.go:141.42,143.53 2 4
cli-project/external/api/leetcode_api.go:143.53,144.62 1 4
cli-project/external/api/leetcode_api.go:144.62,149.6 1 4
cli-project/external/api/leetcode_api.go:154.2,154.25 1 2
cli-project/external/api/leetcode_api.go:158.84,163.16 3 2
cli-project/external/api/leetcode_api.go:163.16,165.3 1 1
cli-project/external/api/leetcode_api.go:167.2,168.16 2 1
cli-project/external/api/leetcode_api.go:168.16,170.3 1 0
cli-project/external/api/leetcode_api.go:173.2,176.47 3 1
cli-project/external/api/leetcode_api.go:176.47,177.43 1 2
cli-project/external/api/leetcode_api.go:177.43,179.4 1 2
cli-project/external/api/leetcode_api.go:180.3,180.46 1 2
cli-project/external/api/leetcode_api.go:180.46,182.4 1 2
cli-project/external/api/leetcode_api.go:186.2,189.19 3 1
cli-project/external/api/leetcode_api.go:192.73,209.16 5 6
cli-project/external/api/leetcode_api.go:209.16,211.3 1 0
cli-project/external/api/leetcode_api.go:213.2,214.16 2 6
cli-project/external/api/leetcode_api.go:214.16,216.3 1 1
cli-project/external/api/leetcode_api.go:218.2,218.33 1 5
cli-project/external/api/leetcode_api.go:218.33,220.17 2 5
cli-project/external/api/leetcode_api.go:220.17,223.4 2 0
cli-project/external/api/leetcode_api.go:226.2,226.38 1 5
cli-project/external/api/leetcode_api.go:226.38,228.3 1 2
cli-project/external/api/leetcode_api.go:230.2,231.67 2 3
cli-project/external/api/leetcode_api.go:231.67,233.3 1 1
cli-project/external/api/leetcode_api.go:235.2,236.9 2 2
cli-project/external/api/leetcode_api.go:236.9,238.3 1 1
cli-project/external/api/leetcode_api.go:239.2,240.31 2 1
cli-project/external/api/leetcode_api.go:240.31,242.3 1 0
cli-project/external/api/leetcode_api.go:244.2,244.49 1 1
cli-project/internal/app/services/auth_services.go:13.117,18.2 1 10
cli-project/internal/app/services/auth_services.go:20.65,22.2 1 0
cli-project/internal/app/services/auth_services.go:24.71,26.2 1 0
cli-project/internal/app/services/auth_services.go:28.75,30.2 1 0
cli-project/internal/app/services/auth_services.go:33.79,35.2 1 0
cli-project/internal/app/services/question_services.go:19.96,23.2 1 10
cli-project/internal/app/services/question_services.go:33.87,37.16 2 0
cli-project/internal/app/services/question_services.go:37.16,39.3 1 0
cli-project/internal/app/services/question_services.go:41.2,45.33 3 0
cli-project/internal/app/services/question_services.go:45.33,46.13 1 0
cli-project/internal/app/services/question_services.go:46.13,47.12 1 0
cli-project/internal/app/services/question_services.go:51.3,51.23 1 0
cli-project/internal/app/services/question_services.go:51.23,53.4 1 0
cli-project/internal/app/services/question_services.go:56.3,66.13 9 0
cli-project/internal/app/services/question_services.go:66.13,68.4 1 0
cli-project/internal/app/services/question_services.go:71.3,72.17 2 0
cli-project/internal/app/services/question_services.go:72.17,74.4 1 0
cli-project/internal/app/services/question_services.go:77.3,78.17 2 0
cli-project/internal/app/services/question_services.go:78.17,80.4 1 0
cli-project/internal/app/services/question_services.go:83.3,95.17 3 0
cli-project/internal/app/services/question_services.go:95.17,97.4 1 0
cli-project/internal/app/services/question_services.go:100.3,100.14 1 0
cli-project/internal/app/services/question_services.go:100.14,103.4 2 0
cli-project/internal/app/services/question_services.go:107.2,107.23 1 0
cli-project/internal/app/services/question_services.go:107.23,109.17 2 0
cli-project/internal/app/services/question_services.go:109.17,111.4 1 0
cli-project/internal/app/services/question_services.go:114.2,114.31 1 0
cli-project/internal/app/services/question_services.go:117.71,120.16 2 0
cli-project/internal/app/services/question_services.go:120.16,122.3 1 0
cli-project/internal/app/services/question_services.go:124.2,124.13 1 0
cli-project/internal/app/services/question_services.go:124.13,126.3 1 0
cli-project/internal/app/services/question_services.go:129.2,129.54 1 0
cli-project/internal/app/services/question_services.go:132.88,135.16 2 0
cli-project/internal/app/services/question_services.go:135.16,137.3 1 0
cli-project/internal/app/services/question_services.go:138.2,138.13 1 0
cli-project/internal/app/services/question_services.go:138.13,140.3 1 0
cli-project/internal/app/services/question_services.go:143.2,144.16 2 0
cli-project/internal/app/services/question_services.go:144.16,146.3 1 0
cli-project/internal/app/services/question_services.go:148.2,148.22 1 0
cli-project/internal/app/services/question_services.go:151.70,153.2 1 0
cli-project/internal/app/services/question_services.go:155.109,160.62 3 0
cli-project/internal/app/services/question_services.go:160.62,162.17 2 0
cli-project/internal/app/services/question_services.go:162.17,164.4 1 0
cli-project/internal/app/services/question_services.go:168.2,172.90 3 0
cli-project/internal/app/services/question_services.go:175.79,178.12 2 0
cli-project/internal/app/services/question_services.go:178.12,180.3 1 0
cli-project/internal/app/services/question_services.go:182.2,182.54 1 0
cli-project/internal/app/services/question_services.go:185.85,188.12 2 0
cli-project/internal/app/services/question_services.go:188.12,190.3 1 0
cli-project/internal/app/services/question_services.go:192.2,192.60 1 0
cli-project/internal/app/services/question_services.go:195.65,197.2 1 0
cli-project/internal/app/services/user_services.go:34.161,41.2 1 10
cli-project/internal/app/services/user_services.go:44.63,62.16 8 0
cli-project/internal/app/services/user_services.go:62.16,64.3 1 0
cli-project/internal/app/services/user_services.go:65.2,81.16 7 0
cli-project/internal/app/services/user_services.go:81.16,83.3 1 0
cli-project/internal/app/services/user_services.go:84.2,84.12 1 0
cli-project/internal/app/services/user_services.go:88.62,94.16 3 0
cli-project/internal/app/services/user_services.go:94.16,96.36 1 0
cli-project/internal/app/services/user_services.go:96.36,98.4 1 0
cli-project/internal/app/services/user_services.go:99.3,99.52 1 0
cli-project/internal/app/services/user_services.go:102.2,102.59 1 0
cli-project/internal/app/services/user_services.go:102.59,104.3 1 0
cli-project/internal/app/services/user_services.go:105.2,105.12 1 0
cli-project/internal/app/services/user_services.go:108.38,111.16 2 0
cli-project/internal/app/services/user_services.go:111.16,113.3 1 0
cli-project/internal/app/services/user_services.go:116.2,120.16 3 0
cli-project/internal/app/services/user_services.go:120.16,122.3 1 0
cli-project/internal/app/services/user_services.go:125.2,127.12 2 0
cli-project/internal/app/services/user_services.go:130.69,132.2 1 0
cli-project/internal/app/services/user_services.go:135.45,138.2 1 0
cli-project/internal/app/services/user_services.go:141.50,144.16 2 0
cli-project/internal/app/services/user_services.go:144.16,146.3 1 0
cli-project/internal/app/services/user_services.go:148.2,149.16 2 0
cli-project/internal/app/services/user_services.go:149.16,151.3 1 0
cli-project/internal/app/services/user_services.go:153.2,157.35 3 0
cli-project/internal/app/services/user_services.go:157.35,159.17 2 0
cli-project/internal/app/services/user_services.go:159.17,161.4 1 0
cli-project/internal/app/services/user_services.go:162.3,162.13 1 0
cli-project/internal/app/services/user_services.go:162.13,164.4 1 0
cli-project/internal/app/services/user_services.go:167.2,167.25 1 0
cli-project/internal/app/services/user_services.go:167.25,169.17 2 0
cli-project/internal/app/services/user_services.go:169.17,171.4 1 0
cli-project/internal/app/services/user_services.go:173.2,173.12 1 0
cli-project/internal/app/services/user_services.go:176.67,178.16 2 0
cli-project/internal/app/services/user_services.go:178.16,180.3 1 0
cli-project/internal/app/services/user_services.go:181.2,181.19 1 0
cli-project/internal/app/services/user_services.go:184.88,186.20 1 0
cli-project/internal/app/services/user_services.go:186.20,188.3 1 0
cli-project/internal/app/services/user_services.go:191.2,193.49 2 0
cli-project/internal/app/services/user_services.go:196.80,197.18 1 0
cli-project/internal/app/services/user_services.go:197.18,199.3 1 0
cli-project/internal/app/services/user_services.go:202.2,205.41 2 0
cli-project/internal/app/services/user_services.go:208.66,210.18 1 0
cli-project/internal/app/services/user_services.go:210.18,212.3 1 0
cli-project/internal/app/services/user_services.go:215.2,218.16 3 0
cli-project/internal/app/services/user_services.go:218.16,220.3 1 0
cli-project/internal/app/services/user_services.go:222.2,222.36 1 0
cli-project/internal/app/services/user_services.go:225.73,228.16 2 0
cli-project/internal/app/services/user_services.go:228.16,230.3 1 0
cli-project/internal/app/services/user_services.go:232.2,232.26 1 0
cli-project/internal/app/services/user_services.go:236.66,238.16 2 0
cli-project/internal/app/services/user_services.go:238.16,240.3 1 0
cli-project/internal/app/services/user_services.go:241.2,241.34 1 0
cli-project/internal/app/services/user_services.go:244.62,247.16 2 0
cli-project/internal/app/services/user_services.go:247.16,249.3 1 0
cli-project/internal/app/services/user_services.go:251.2,253.25 2 0
cli-project/internal/app/services/user_services.go:253.25,255.3 1 0
cli-project/internal/app/services/user_services.go:257.2,258.16 2 0
cli-project/internal/app/services/user_services.go:258.16,260.3 1 0
cli-project/internal/app/services/user_services.go:262.2,263.16 2 0
cli-project/internal/app/services/user_services.go:263.16,265.3 1 0
cli-project/internal/app/services/user_services.go:267.2,267.19 1 0
cli-project/internal/app/services/user_services.go:267.19,269.3 1 0
cli-project/internal/app/services/user_services.go:271.2,271.42 1 0
cli-project/internal/app/services/user_services.go:274.64,277.16 2 0
cli-project/internal/app/services/user_services.go:277.16,279.3 1 0
cli-project/internal/app/services/user_services.go:281.2,283.25 2 0
cli-project/internal/app/services/user_services.go:283.25,285.3 1 0
cli-project/internal/app/services/user_services.go:287.2,288.16 2 0
cli-project/internal/app/services/user_services.go:288.16,290.3 1 0
cli-project/internal/app/services/user_services.go:292.2,293.16 2 0
cli-project/internal/app/services/user_services.go:293.16,295.3 1 0
cli-project/internal/app/services/user_services.go:297.2,297.20 1 0
cli-project/internal/app/services/user_services.go:297.20,299.3 1 0
cli-project/internal/app/services/user_services.go:301.2,301.44 1 0
cli-project/internal/app/services/user_services.go:304.65,306.16 2 0
cli-project/internal/app/services/user_services.go:306.16,308.3 1 0
cli-project/internal/app/services/user_services.go:310.2,310.40 1 0
cli-project/internal/app/services/user_services.go:313.90,315.16 2 0
cli-project/internal/app/services/user_services.go:315.16,317.3 1 0
cli-project/internal/app/services/user_services.go:319.2,321.43 2 0
cli-project/internal/app/services/user_services.go:324.90,327.16 2 0
cli-project/internal/app/services/user_services.go:327.16,329.3 1 0
cli-project/internal/app/services/user_services.go:332.2,336.16 3 0
cli-project/internal/app/services/user_services.go:336.16,338.3 1 0
cli-project/internal/app/services/user_services.go:341.2,346.42 4 0
cli-project/internal/app/services/user_services.go:346.42,349.17 2 0
cli-project/internal/app/services/user_services.go:349.17,351.4 1 0
cli-project/internal/app/services/user_services.go:354.3,354.30 1 0
cli-project/internal/app/services/user_services.go:355.15,356.19 1 0
cli-project/internal/app/services/user_services.go:357.17,358.21 1 0
cli-project/internal/app/services/user_services.go:359.15,360.19 1 0
cli-project/internal/app/services/user_services.go:364.3,364.42 1 0
cli-project/internal/app/services/user_services.go:364.42,366.4 1 0
cli-project/internal/app/services/user_services.go:369.3,369.48 1 0
cli-project/internal/app/services/user_services.go:369.48,371.4 1 0
cli-project/internal/app/services/user_services.go:375.2,388.19 2 0
cli-project/internal/app/services/user_services.go:391.73,394.16 2 0
cli-project/internal/app/services/user_services.go:394.16,396.3 1 0
cli-project/internal/app/services/user_services.go:399.2,400.16 2 0
cli-project/internal/app/services/user_services.go:400.16,402.3 1 0
cli-project/internal/app/services/user_services.go:405.2,406.16 2 0
cli-project/internal/app/services/user_services.go:406.16,408.3 1 0
cli-project/internal/app/services/user_services.go:411.2,416.41 4 0
cli-project/internal/app/services/user_services.go:416.41,421.44 2 0
cli-project/internal/app/services/user_services.go:421.44,423.4 1 0
cli-project/internal/app/services/user_services.go:426.3,426.48 1 0
cli-project/internal/app/services/user_services.go:426.48,428.4 1 0
cli-project/internal/app/services/user_services.go:432.2,442.27 2 0
cli-project/pkg/utils/convertToIST.go:9.39,12.16 2 0
cli-project/pkg/utils/convertToIST.go:12.16,14.3 1 0
cli-project/pkg/utils/convertToIST.go:17.2,26.20 2 0
cli-project/pkg/utils/uuid.go:5.28,7.2 1 0
cli-project/pkg/utils/data_cleaning/capitalize_words.go:9.39,11.29 2 0
cli-project/pkg/utils/data_cleaning/capitalize_words.go:11.29,13.20 1 0
cli-project/pkg/utils/data_cleaning/capitalize_words.go:13.20,15.4 1 0
cli-project/pkg/utils/data_cleaning/capitalize_words.go:17.2,17.33 1 0
cli-project/pkg/utils/data_cleaning/clean_string.go:5.39,7.2 1 0
cli-project/pkg/utils/data_cleaning/clean_tags.go:5.38,7.30 2 0
cli-project/pkg/utils/data_cleaning/clean_tags.go:7.30,9.3 1 0
cli-project/pkg/utils/data_cleaning/clean_tags.go:10.2,10.16 1 0
cli-project/pkg/utils/password/password.go:8.52,11.2 2 0
cli-project/pkg/utils/password/password.go:14.49,17.2 2 0
cli-project/pkg/utils/readers/csv_reader.go:10.51,13.16 2 0
cli-project/pkg/utils/readers/csv_reader.go:13.16,15.3 1 0
cli-project/pkg/utils/readers/csv_reader.go:17.2,17.28 1 0
cli-project/pkg/utils/readers/csv_reader.go:17.28,19.17 2 0
cli-project/pkg/utils/readers/csv_reader.go:19.17,21.4 1 0
cli-project/pkg/utils/readers/csv_reader.go:24.2,26.16 3 0
cli-project/pkg/utils/readers/csv_reader.go:26.16,28.3 1 0
cli-project/pkg/utils/readers/csv_reader.go:29.2,29.21 1 0
cli-project/pkg/validation/country_validaiton.go:43.56,45.51 2 0
cli-project/pkg/validation/country_validaiton.go:45.51,47.3 1 0
cli-project/pkg/validation/country_validaiton.go:48.2,48.18 1 0
cli-project/pkg/validation/email_validation.go:8.47,12.21 2 0
cli-project/pkg/validation/email_validation.go:12.21,14.3 1 0
cli-project/pkg/validation/email_validation.go:17.2,22.12 4 0
cli-project/pkg/validation/email_validation.go:22.12,24.3 1 0
cli-project/pkg/validation/email_validation.go:26.2,29.51 2 0
cli-project/pkg/validation/email_validation.go:29.51,30.32 1 0
cli-project/pkg/validation/email_validation.go:30.32,32.4 1 0
cli-project/pkg/validation/email_validation.go:34.2,34.20 1 0
cli-project/pkg/validation/name_validation.go:4.37,6.39 1 0
cli-project/pkg/validation/name_validation.go:6.39,8.3 1 0
cli-project/pkg/validation/name_validation.go:10.2,10.25 1 0
cli-project/pkg/validation/name_validation.go:10.25,11.70 1 0
cli-project/pkg/validation/name_validation.go:11.70,13.4 1 0
cli-project/pkg/validation/name_validation.go:15.2,15.13 1 0
cli-project/pkg/validation/organisation_validation.go:8.61,10.44 1 0
cli-project/pkg/validation/organisation_validation.go:10.44,12.3 1 0
cli-project/pkg/validation/organisation_validation.go:14.2,17.12 3 0
cli-project/pkg/validation/organisation_validation.go:17.12,19.3 1 0
cli-project/pkg/validation/organisation_validation.go:21.2,21.18 1 0
cli-project/pkg/validation/password_validation.go:9.45,10.39 1 0
cli-project/pkg/validation/password_validation.go:10.39,12.3 1 0
cli-project/pkg/validation/password_validation.go:14.2,15.29 2 0
cli-project/pkg/validation/password_validation.go:15.29,16.25 1 0
cli-project/pkg/validation/password_validation.go:16.25,18.9 2 0
cli-project/pkg/validation/password_validation.go:21.2,21.15 1 0
cli-project/pkg/validation/password_validation.go:21.15,23.3 1 0
cli-project/pkg/validation/password_validation.go:25.2,26.29 2 0
cli-project/pkg/validation/password_validation.go:26.29,27.25 1 0
cli-project/pkg/validation/password_validation.go:27.25,29.9 2 0
cli-project/pkg/validation/password_validation.go:32.2,32.15 1 0
cli-project/pkg/validation/password_validation.go:32.15,34.3 1 0
cli-project/pkg/validation/password_validation.go:36.2,37.29 2 0
cli-project/pkg/validation/password_validation.go:37.29,38.25 1 0
cli-project/pkg/validation/password_validation.go:38.25,40.9 2 0
cli-project/pkg/validation/password_validation.go:43.2,43.15 1 0
cli-project/pkg/validation/password_validation.go:43.15,45.3 1 0
cli-project/pkg/validation/password_validation.go:47.2,51.29 3 0
cli-project/pkg/validation/password_validation.go:51.29,52.109 1 0
cli-project/pkg/validation/password_validation.go:52.109,54.9 2 0
cli-project/pkg/validation/password_validation.go:57.2,57.17 1 0
cli-project/pkg/validation/password_validation.go:57.17,59.3 1 0
cli-project/pkg/validation/password_validation.go:61.2,61.13 1 0
cli-project/pkg/validation/title_slug_validaiton.go:8.56,11.25 2 0
cli-project/pkg/validation/title_slug_validaiton.go:11.25,13.3 1 0
cli-project/pkg/validation/title_slug_validaiton.go:15.2,15.18 1 0
cli-project/pkg/validation/username_validation.go:6.45,8.47 1 0
cli-project/pkg/validation/username_validation.go:8.47,10.3 1 0
cli-project/pkg/validation/username_validation.go:12.2,15.29 3 0
cli-project/pkg/validation/username_validation.go:15.29,16.26 1 0
cli-project/pkg/validation/username_validation.go:16.26,20.4 2 0
cli-project/pkg/validation/username_validation.go:20.9,20.32 1 0
cli-project/pkg/validation/username_validation.go:20.32,21.17 1 0
cli-project/pkg/validation/username_validation.go:21.17,23.5 1 0
cli-project/pkg/validation/username_validation.go:23.10,26.5 1 0
cli-project/pkg/validation/username_validation.go:27.9,30.4 1 0
cli-project/pkg/validation/username_validation.go:33.2,33.41 1 0
cli-project/pkg/validation/validate_questionID.go:8.58,10.28 2 0
cli-project/pkg/validation/validate_questionID.go:10.28,12.3 1 0
cli-project/pkg/validation/validate_questionID.go:13.2,13.18 1 0
cli-project/pkg/validation/validate_question_difficulty.go:8.68,12.41 3 0
cli-project/pkg/validation/validate_question_difficulty.go:12.41,14.3 1 0
cli-project/pkg/validation/validate_question_difficulty.go:15.2,15.29 1 0
cli-project/pkg/validation/validate_question_link.go:10.56,13.119 3 0
cli-project/pkg/validation/validate_question_link.go:13.119,15.3 1 0
cli-project/pkg/validation/validate_question_link.go:16.2,16.23 1 0
cli-project/tests/mocks/repository/mock_question_interface.go:27.81,31.2 3 10
cli-project/tests/mocks/repository/mock_question_interface.go:34.79,36.2 1 0
cli-project/tests/mocks/repository/mock_question_interface.go:39.78,44.2 4 0
cli-project/tests/mocks/repository/mock_question_interface.go:47.91,50.2 2 0
cli-project/tests/mocks/repository/mock_question_interface.go:53.73,58.2 4 0
cli-project/tests/mocks/repository/mock_question_interface.go:61.95,64.2 2 0
cli-project/tests/mocks/repository/mock_question_interface.go:67.64,73.2 5 0
cli-project/tests/mocks/repository/mock_question_interface.go:76.77,79.2 2 0
cli-project/tests/mocks/repository/mock_question_interface.go:82.79,88.2 5 0
cli-project/tests/mocks/repository/mock_question_interface.go:91.80,94.2 2 0
cli-project/tests/mocks/repository/mock_question_interface.go:97.91,103.2 5 0
cli-project/tests/mocks/repository/mock_question_interface.go:106.96,109.2 2 0
cli-project/tests/mocks/repository/mock_question_interface.go:112.108,118.2 5 0
cli-project/tests/mocks/repository/mock_question_interface.go:121.114,124.2 2 0
cli-project/tests/mocks/repository/mock_question_interface.go:127.80,133.2 5 0
cli-project/tests/mocks/repository/mock_question_interface.go:136.97,139.2 2 0
cli-project/tests/mocks/repository/mock_question_interface.go:142.87,148.2 5 0
cli-project/tests/mocks/repository/mock_question_interface.go:151.104,154.2 2 0
cli-project/tests/mocks/repository/mock_question_interface.go:157.72,162.2 4 0
cli-project/tests/mocks/repository/mock_question_interface.go:165.97,168.2 2 0
cli-project/tests/mocks/repository/mock_user_interface.go:27.73,31.2 3 10
cli-project/tests/mocks/repository/mock_user_interface.go:34.71,36.2 1 0
cli-project/tests/mocks/repository/mock_user_interface.go:39.57,44.2 4 0
cli-project/tests/mocks/repository/mock_user_interface.go:47.82,50.2 2 0
cli-project/tests/mocks/repository/mock_user_interface.go:53.75,59.2 5 0
cli-project/tests/mocks/repository/mock_user_interface.go:62.88,65.2 2 0
cli-project/tests/mocks/repository/mock_user_interface.go:68.74,73.2 4 0
cli-project/tests/mocks/repository/mock_user_interface.go:76.85,79.2 2 0
cli-project/tests/mocks/repository/mock_user_interface.go:82.78,88.2 5 0
cli-project/tests/mocks/repository/mock_user_interface.go:91.72,94.2 2 0
cli-project/tests/mocks/repository/mock_user_interface.go:97.87,103.2 5 0
cli-project/tests/mocks/repository/mock_user_interface.go:106.88,109.2 2 0
cli-project/tests/mocks/repository/mock_user_interface.go:112.93,118.2 5 0
cli-project/tests/mocks/repository/mock_user_interface.go:121.94,124.2 2 0
cli-project/tests/mocks/repository/mock_user_interface.go:127.80,133.2 5 0
cli-project/tests/mocks/repository/mock_user_interface.go:136.92,139.2 2 0
cli-project/tests/mocks/repository/mock_user_interface.go:142.71,148.2 5 0
cli-project/tests/mocks/repository/mock_user_interface.go:151.88,154.2 2 0
cli-project/tests/mocks/repository/mock_user_interface.go:157.76,163.2 5 0
cli-project/tests/mocks/repository/mock_user_interface.go:166.93,169.2 2 0
cli-project/tests/mocks/repository/mock_user_interface.go:172.74,178.2 5 0
cli-project/tests/mocks/repository/mock_user_interface.go:181.91,184.2 2 0
cli-project/tests/mocks/repository/mock_user_interface.go:187.59,192.2 4 0
cli-project/tests/mocks/repository/mock_user_interface.go:195.84,198.2 2 0
cli-project/tests/mocks/repository/mock_user_interface.go:201.81,206.2 4 0
cli-project/tests/mocks/repository/mock_user_interface.go:209.92,212.2 2 0
cli-project/tests/mocks/repository/mock_user_interface.go:215.94,220.2 4 0
cli-project/tests/mocks/repository/mock_user_interface.go:223.107,226.2 2 0
cli-project/tests/mocks/services/mock_auth_service_interface.go:25.67,29.2 3 10
cli-project/tests/mocks/services/mock_auth_service_interface.go:32.65,34.2 1 0
cli-project/tests/mocks/services/mock_auth_service_interface.go:37.69,43.2 5 0
cli-project/tests/mocks/services/mock_auth_service_interface.go:46.86,49.2 2 0
cli-project/tests/mocks/services/mock_auth_service_interface.go:52.79,58.2 5 0
cli-project/tests/mocks/services/mock_auth_service_interface.go:61.96,64.2 2 0
cli-project/tests/mocks/services/mock_auth_service_interface.go:67.75,73.2 5 0
cli-project/tests/mocks/services/mock_auth_service_interface.go:76.92,79.2 2 0
cli-project/tests/mocks/services/mock_auth_service_interface.go:82.83,88.2 5 0
cli-project/tests/mocks/services/mock_auth_service_interface.go:91.100,94.2 2 0
cli-project/tests/mocks/services/mock_leetcode_interface.go:26.67,30.2 3 20
cli-project/tests/mocks/services/mock_leetcode_interface.go:33.65,35.2 1 0
cli-project/tests/mocks/services/mock_leetcode_interface.go:38.117,44.2 5 0
cli-project/tests/mocks/services/mock_leetcode_interface.go:47.93,50.2 2 0
cli-project/tests/mocks/services/mock_leetcode_interface.go:53.107,59.2 5 0
cli-project/tests/mocks/services/mock_leetcode_interface.go:62.105,65.2 2 0
cli-project/tests/mocks/services/mock_leetcode_interface.go:68.90,74.2 5 0
cli-project/tests/mocks/services/mock_leetcode_interface.go:77.90,80.2 2 0
cli-project/tests/mocks/services/mock_leetcode_interface.go:83.86,89.2 5 0
cli-project/tests/mocks/services/mock_leetcode_interface.go:92.86,95.2 2 0
cli-project/tests/mocks/services/mock_leetcode_interface.go:98.75,104.2 5 0
cli-project/tests/mocks/services/mock_leetcode_interface.go:107.92,110.2 2 0
cli-project/tests/mocks/services/mock_question_service_interface.go:27.75,31.2 3 10
cli-project/tests/mocks/services/mock_question_service_interface.go:34.73,36.2 1 0
cli-project/tests/mocks/services/mock_question_service_interface.go:39.91,45.2 5 0
cli-project/tests/mocks/services/mock_question_service_interface.go:48.108,51.2 2 0
cli-project/tests/mocks/services/mock_question_service_interface.go:54.74,60.2 5 0
cli-project/tests/mocks/services/mock_question_service_interface.go:63.75,66.2 2 0
cli-project/tests/mocks/services/mock_question_service_interface.go:69.92,75.2 5 0
cli-project/tests/mocks/services/mock_question_service_interface.go:78.97,81.2 2 0
cli-project/tests/mocks/services/mock_question_service_interface.go:84.113,90.2 5 0
cli-project/tests/mocks/services/mock_question_service_interface.go:93.119,96.2 2 0
cli-project/tests/mocks/services/mock_question_service_interface.go:99.69,105.2 5 0
cli-project/tests/mocks/services/mock_question_service_interface.go:108.82,111.2 2 0
cli-project/tests/mocks/services/mock_question_service_interface.go:114.83,120.2 5 0
cli-project/tests/mocks/services/mock_question_service_interface.go:123.100,126.2 2 0
cli-project/tests/mocks/services/mock_question_service_interface.go:129.84,135.2 5 0
cli-project/tests/mocks/services/mock_question_service_interface.go:138.101,141.2 2 0
cli-project/tests/mocks/services/mock_question_service_interface.go:144.75,149.2 4 0
cli-project/tests/mocks/services/mock_question_service_interface.go:152.100,155.2 2 0
cli-project/tests/mocks/services/mock_user_service_interface.go:26.67,30.2 3 10
cli-project/tests/mocks/services/mock_user_service_interface.go:33.65,35.2 1 0
cli-project/tests/mocks/services/mock_user_service_interface.go:38.66,44.2 5 0
cli-project/tests/mocks/services/mock_user_service_interface.go:47.83,50.2 2 0
cli-project/tests/mocks/services/mock_user_service_interface.go:53.71,59.2 5 0
cli-project/tests/mocks/services/mock_user_service_interface.go:62.84,65.2 2 0
cli-project/tests/mocks/services/mock_user_service_interface.go:68.73,74.2 5 0
cli-project/tests/mocks/services/mock_user_service_interface.go:77.67,80.2 2 0
cli-project/tests/mocks/services/mock_user_service_interface.go:83.77,89.2 5 0
cli-project/tests/mocks/services/mock_user_service_interface.go:92.72,95.2 2 0
cli-project/tests/mocks/services/mock_user_service_interface.go:98.84,104.2 5 0
cli-project/tests/mocks/services/mock_user_service_interface.go:107.85,110.2 2 0
cli-project/tests/mocks/services/mock_user_service_interface.go:113.92,119.2 5 0
cli-project/tests/mocks/services/mock_user_service_interface.go:122.93,125.2 2 0
cli-project/tests/mocks/services/mock_user_service_interface.go:128.94,134.2 5 0
cli-project/tests/mocks/services/mock_user_service_interface.go:137.94,140.2 2 0
cli-project/tests/mocks/services/mock_user_service_interface.go:143.70,149.2 5 0
cli-project/tests/mocks/services/mock_user_service_interface.go:152.85,155.2 2 0
cli-project/tests/mocks/services/mock_user_service_interface.go:158.94,164.2 5 0
cli-project/tests/mocks/services/mock_user_service_interface.go:167.94,170.2 2 0
cli-project/tests/mocks/services/mock_user_service_interface.go:173.77,179.2 5 0
cli-project/tests/mocks/services/mock_user_service_interface.go:182.89,185.2 2 0
cli-project/tests/mocks/services/mock_user_service_interface.go:188.70,194.2 5 0
cli-project/tests/mocks/services/mock_user_service_interface.go:197.85,200.2 2 0
cli-project/tests/mocks/services/mock_user_service_interface.go:203.69,209.2 5 0
cli-project/tests/mocks/services/mock_user_service_interface.go:212.86,215.2 2 0
cli-project/tests/mocks/services/mock_user_service_interface.go:218.66,223.2 4 0
cli-project/tests/mocks/services/mock_user_service_interface.go:226.91,229.2 2 0
cli-project/tests/mocks/services/mock_user_service_interface.go:232.42,237.2 4 0
cli-project/tests/mocks/services/mock_user_service_interface.go:240.62,243.2 2 0
cli-project/tests/mocks/services/mock_user_service_interface.go:246.67,251.2 4 0
cli-project/tests/mocks/services/mock_user_service_interface.go:254.78,257.2 2 0
cli-project/tests/mocks/services/mock_user_service_interface.go:260.68,266.2 5 0
cli-project/tests/mocks/services/mock_user_service_interface.go:269.85,272.2 2 0
cli-project/tests/mocks/services/mock_user_service_interface.go:275.54,280.2 4 0
cli-project/tests/mocks/services/mock_user_service_interface.go:283.74,286.2 2 0
cli-project/tests/mocks/services/mock_user_service_interface.go:289.49,294.2 4 0
cli-project/tests/mocks/services/mock_user_service_interface.go:297.69,300.2 2 0
cli-project/internal/app/repositories/postgres.go:23.60,25.2 1 0
cli-project/internal/app/repositories/postgres.go:27.43,32.50 3 0
cli-project/internal/app/repositories/postgres.go:32.50,34.16 1 0
cli-project/internal/app/repositories/postgres.go:34.16,35.37 1 0
cli-project/internal/app/repositories/postgres.go:35.37,37.5 1 0
cli-project/internal/app/repositories/postgres.go:40.3,41.19 2 0
cli-project/internal/app/repositories/postgres.go:41.19,43.4 1 0
cli-project/internal/app/repositories/postgres.go:46.3,46.35 1 0
cli-project/internal/app/repositories/postgres.go:46.35,48.4 1 0
cli-project/internal/app/repositories/postgres.go:50.3,50.27 1 0
cli-project/internal/app/repositories/postgres.go:52.2,52.18 1 0
cli-project/internal/app/repositories/postgres.go:56.28,60.15 3 0
cli-project/internal/app/repositories/postgres.go:60.15,61.36 1 0
cli-project/internal/app/repositories/postgres.go:61.36,63.4 1 0
cli-project/internal/app/repositories/postgres.go:64.3,65.47 2 0
cli-project/internal/app/repositories/question_repo.go:19.54,21.2 1 11
cli-project/internal/app/repositories/question_repo.go:23.46,25.2 1 0
cli-project/internal/app/repositories/question_repo.go:28.59,30.16 2 0
cli-project/internal/app/repositories/question_repo.go:30.16,32.3 1 0
cli-project/internal/app/repositories/question_repo.go:33.2,33.16 1 0
cli-project/internal/app/repositories/question_repo.go:36.69,39.2 1 0
cli-project/internal/app/repositories/question_repo.go:41.73,44.16 2 0
cli-project/internal/app/repositories/question_repo.go:44.16,46.3 1 0
cli-project/internal/app/repositories/question_repo.go:49.2,57.16 3 0
cli-project/internal/app/repositories/question_repo.go:57.16,59.3 1 0
cli-project/internal/app/repositories/question_repo.go:61.2,62.16 2 0
cli-project/internal/app/repositories/question_repo.go:62.16,65.3 2 0
cli-project/internal/app/repositories/question_repo.go:66.2,68.38 2 0
cli-project/internal/app/repositories/question_repo.go:68.38,78.17 2 0
cli-project/internal/app/repositories/question_repo.go:78.17,81.4 2 0
cli-project/internal/app/repositories/question_repo.go:84.2,85.16 2 0
cli-project/internal/app/repositories/question_repo.go:85.16,87.3 1 0
cli-project/internal/app/repositories/question_repo.go:89.2,89.12 1 0
cli-project/internal/app/repositories/question_repo.go:92.68,95.16 2 0
cli-project/internal/app/repositories/question_repo.go:95.16,97.3 1 0
cli-project/internal/app/repositories/question_repo.go:100.2,104.16 3 0
cli-project/internal/app/repositories/question_repo.go:104.16,106.3 1 0
cli-project/internal/app/repositories/question_repo.go:109.2,110.16 2 0
cli-project/internal/app/repositories/question_repo.go:110.16,112.3 1 0
cli-project/internal/app/repositories/question_repo.go:114.2,114.23 1 0
cli-project/internal/app/repositories/question_repo.go:114.23,116.3 1 0
cli-project/internal/app/repositories/question_repo.go:118.2,118.12 1 0
cli-project/internal/app/repositories/question_repo.go:121.87,124.16 2 0
cli-project/internal/app/repositories/question_repo.go:124.16,126.3 1 0
cli-project/internal/app/repositories/question_repo.go:129.2,152.16 6 0
cli-project/internal/app/repositories/question_repo.go:152.16,153.36 1 0
cli-project/internal/app/repositories/question_repo.go:153.36,155.4 1 0
cli-project/internal/app/repositories/question_repo.go:156.3,156.62 1 0
cli-project/internal/app/repositories/question_repo.go:160.2,163.23 3 0
cli-project/internal/app/repositories/question_repo.go:166.69,169.16 2 0
cli-project/internal/app/repositories/question_repo.go:169.16,171.3 1 0
cli-project/internal/app/repositories/question_repo.go:174.2,181.16 3 0
cli-project/internal/app/repositories/question_repo.go:181.16,183.3 1 0
cli-project/internal/app/repositories/question_repo.go:184.2,189.18 3 0
cli-project/internal/app/repositories/question_repo.go:189.18,201.17 3 0
cli-project/internal/app/repositories/question_repo.go:201.17,203.4 1 0
cli-project/internal/app/repositories/question_repo.go:205.3,212.5 1 0
cli-project/internal/app/repositories/question_repo.go:216.2,216.35 1 0
cli-project/internal/app/repositories/question_repo.go:216.35,218.3 1 0
cli-project/internal/app/repositories/question_repo.go:220.2,220.24 1 0
cli-project/internal/app/repositories/question_repo.go:223.108,226.16 2 0
cli-project/internal/app/repositories/question_repo.go:226.16,228.3 1 0
cli-project/internal/app/repositories/question_repo.go:231.2,239.62 4 0
cli-project/internal/app/repositories/question_repo.go:239.62,243.3 3 0
cli-project/internal/app/repositories/question_repo.go:245.2,245.52 1 0
cli-project/internal/app/repositories/question_repo.go:245.52,249.3 3 0
cli-project/internal/app/repositories/question_repo.go:251.2,251.56 1 0
cli-project/internal/app/repositories/question_repo.go:251.56,255.3 3 0
cli-project/internal/app/repositories/question_repo.go:258.2,263.16 4 0
cli-project/internal/app/repositories/question_repo.go:263.16,265.3 1 0
cli-project/internal/app/repositories/question_repo.go:266.2,271.18 3 0
cli-project/internal/app/repositories/question_repo.go:271.18,289.17 3 0
cli-project/internal/app/repositories/question_repo.go:289.17,291.4 1 0
cli-project/internal/app/repositories/question_repo.go:293.3,300.5 1 0
cli-project/internal/app/repositories/question_repo.go:304.2,304.35 1 0
cli-project/internal/app/repositories/question_repo.go:304.35,306.3 1 0
cli-project/internal/app/repositories/question_repo.go:308.2,308.24 1 0
cli-project/internal/app/repositories/question_repo.go:311.54,314.16 2 0
cli-project/internal/app/repositories/question_repo.go:314.16,316.3 1 0
cli-project/internal/app/repositories/question_repo.go:319.2,324.16 4 0
cli-project/internal/app/repositories/question_repo.go:324.16,326.3 1 0
cli-project/internal/app/repositories/question_repo.go:328.2,328.19 1 0
cli-project/internal/app/repositories/question_repo.go:331.76,334.16 2 0
cli-project/internal/app/repositories/question_repo.go:334.16,336.3 1 0
cli-project/internal/app/repositories/question_repo.go:339.2,343.16 4 0
cli-project/internal/app/repositories/question_repo.go:343.16,345.3 1 0
cli-project/internal/app/repositories/question_repo.go:347.2,347.20 1 0
cli-project/internal/app/repositories/question_repo.go:350.82,353.16 2 0
cli-project/internal/app/repositories/question_repo.go:353.16,355.3 1 0
cli-project/internal/app/repositories/question_repo.go:358.2,362.16 4 0
cli-project/internal/app/repositories/question_repo.go:362.16,364.3 1 0
cli-project/internal/app/repositories/question_repo.go:366.2,366.20 1 0
cli-project/internal/app/repositories/user_repo.go:23.46,25.2 1 11
cli-project/internal/app/repositories/user_repo.go:27.50,29.16 2 0
cli-project/internal/app/repositories/user_repo.go:29.16,31.3 1 0
cli-project/internal/app/repositories/user_repo.go:32.2,32.16 1 0
cli-project/internal/app/repositories/user_repo.go:36.50,40.2 3 22
cli-project/internal/app/repositories/user_repo.go:42.55,44.2 1 43
cli-project/internal/app/repositories/user_repo.go:46.42,48.2 1 0
cli-project/internal/app/repositories/user_repo.go:50.64,53.16 2 3
cli-project/internal/app/repositories/user_repo.go:53.16,55.3 1 1
cli-project/internal/app/repositories/user_repo.go:58.2,78.16 3 2
cli-project/internal/app/repositories/user_repo.go:78.16,80.3 1 1
cli-project/internal/app/repositories/user_repo.go:82.2,82.12 1 1
cli-project/internal/app/repositories/user_repo.go:85.82,87.16 2 5
cli-project/internal/app/repositories/user_repo.go:87.16,89.3 1 1
cli-project/internal/app/repositories/user_repo.go:92.2,93.16 2 4
cli-project/internal/app/repositories/user_repo.go:93.16,95.3 1 0
cli-project/internal/app/repositories/user_repo.go:97.2,97.25 1 4
cli-project/internal/app/repositories/user_repo.go:97.25,99.17 2 4
cli-project/internal/app/repositories/user_repo.go:99.18,101.4 0 3
cli-project/internal/app/repositories/user_repo.go:105.2,108.16 4 4
cli-project/internal/app/repositories/user_repo.go:108.16,109.36 1 2
cli-project/internal/app/repositories/user_repo.go:109.36,113.18 3 1
cli-project/internal/app/repositories/user_repo.go:113.18,115.5 1 0
cli-project/internal/app/repositories/user_repo.go:116.4,116.22 1 1
cli-project/internal/app/repositories/user_repo.go:118.3,118.62 1 1
cli-project/internal/app/repositories/user_repo.go:122.2,123.37 2 2
cli-project/internal/app/repositories/user_repo.go:123.37,125.3 1 3
cli-project/internal/app/repositories/user_repo.go:128.2,129.32 2 2
cli-project/internal/app/repositories/user_repo.go:129.32,130.50 1 4
cli-project/internal/app/repositories/user_repo.go:130.50,132.4 1 1
cli-project/internal/app/repositories/user_repo.go:136.2,136.25 1 2
cli-project/internal/app/repositories/user_repo.go:136.25,142.17 3 1
cli-project/internal/app/repositories/user_repo.go:142.17,144.4 1 0
cli-project/internal/app/repositories/user_repo.go:147.2,147.20 1 2
cli-project/internal/app/repositories/user_repo.go:150.68,153.16 2 2
cli-project/internal/app/repositories/user_repo.go:153.16,155.3 1 1
cli-project/internal/app/repositories/user_repo.go:158.2,166.16 3 1
cli-project/internal/app/repositories/user_repo.go:166.16,168.3 1 0
cli-project/internal/app/repositories/user_repo.go:170.2,170.29 1 1
cli-project/internal/app/repositories/user_repo.go:170.29,172.17 2 1
cli-project/internal/app/repositories/user_repo.go:172.18,174.4 0 0
cli-project/internal/app/repositories/user_repo.go:177.2,180.18 2 1
cli-project/internal/app/repositories/user_repo.go:180.18,195.17 3 2
cli-project/internal/app/repositories/user_repo.go:195.17,197.4 1 0
cli-project/internal/app/repositories/user_repo.go:198.3,198.30 1 2
cli-project/internal/app/repositories/user_repo.go:202.2,202.35 1 1
cli-project/internal/app/repositories/user_repo.go:202.35,204.3 1 0
cli-project/internal/app/repositories/user_repo.go:206.2,206.20 1 1
cli-project/internal/app/repositories/user_repo.go:209.79,212.16 2 4
cli-project/internal/app/repositories/user_repo.go:212.16,214.3 1 1
cli-project/internal/app/repositories/user_repo.go:217.2,241.16 5 3
cli-project/internal/app/repositories/user_repo.go:241.16,242.36 1 2
cli-project/internal/app/repositories/user_repo.go:242.36,244.4 1 1
cli-project/internal/app/repositories/user_repo.go:245.3,245.58 1 1
cli-project/internal/app/repositories/user_repo.go:249.2,249.19 1 1
cli-project/internal/app/repositories/user_repo.go:252.87,255.16 2 4
cli-project/internal/app/repositories/user_repo.go:255.16,257.3 1 1
cli-project/internal/app/repositories/user_repo.go:260.2,284.16 5 3
cli-project/internal/app/repositories/user_repo.go:284.16,285.36 1 2
cli-project/internal/app/repositories/user_repo.go:285.36,287.4 1 1
cli-project/internal/app/repositories/user_repo.go:288.3,288.58 1 1
cli-project/internal/app/repositories/user_repo.go:292.2,292.19 1 1
cli-project/internal/app/repositories/user_repo.go:295.72,298.16 2 4
cli-project/internal/app/repositories/user_repo.go:298.16,300.3 1 1
cli-project/internal/app/repositories/user_repo.go:303.2,315.16 5 3
cli-project/internal/app/repositories/user_repo.go:315.16,316.36 1 2
cli-project/internal/app/repositories/user_repo.go:316.36,318.4 1 1
cli-project/internal/app/repositories/user_repo.go:319.3,319.67 1 1
cli-project/internal/app/repositories/user_repo.go:323.2,324.28 2 1
cli-project/internal/app/repositories/user_repo.go:327.71,330.16 2 4
cli-project/internal/app/repositories/user_repo.go:330.16,332.3 1 1
cli-project/internal/app/repositories/user_repo.go:335.2,335.32 1 3
cli-project/internal/app/repositories/user_repo.go:335.32,337.3 1 1
cli-project/internal/app/repositories/user_repo.go:340.2,368.16 3 2
cli-project/internal/app/repositories/user_repo.go:368.16,370.3 1 1
cli-project/internal/app/repositories/user_repo.go:372.2,372.12 1 1
cli-project/internal/app/repositories/user_repo.go:375.49,378.16 2 5
cli-project/internal/app/repositories/user_repo.go:378.16,380.3 1 1
cli-project/internal/app/repositories/user_repo.go:383.2,383.18 1 4
cli-project/internal/app/repositories/user_repo.go:383.18,385.3 1 1
cli-project/internal/app/repositories/user_repo.go:388.2,396.16 3 3
cli-project/internal/app/repositories/user_repo.go:396.16,398.3 1 1
cli-project/internal/app/repositories/user_repo.go:401.2,402.16 2 2
cli-project/internal/app/repositories/user_repo.go:402.16,404.3 1 0
cli-project/internal/app/repositories/user_repo.go:405.2,405.23 1 2
cli-project/internal/app/repositories/user_repo.go:405.23,407.3 1 1
cli-project/internal/app/repositories/user_repo.go:409.2,409.12 1 1
cli-project/internal/app/repositories/user_repo.go:412.51,415.16 2 5
cli-project/internal/app/repositories/user_repo.go:415.16,417.3 1 1
cli-project/internal/app/repositories/user_repo.go:420.2,420.18 1 4
cli-project/internal/app/repositories/user_repo.go:420.18,422.3 1 1
cli-project/internal/app/repositories/user_repo.go:425.2,433.16 3 3
cli-project/internal/app/repositories/user_repo.go:433.16,435.3 1 1
cli-project/internal/app/repositories/user_repo.go:438.2,439.16 2 2
cli-project/internal/app/repositories/user_repo.go:439.16,441.3 1 0
cli-project/internal/app/repositories/user_repo.go:442.2,442.23 1 2
cli-project/internal/app/repositories/user_repo.go:442.23,444.3 1 1
cli-project/internal/app/repositories/user_repo.go:446.2,446.12 1 1
cli-project/internal/app/repositories/user_repo.go:449.65,452.16 2 3
cli-project/internal/app/repositories/user_repo.go:452.16,454.3 1 1
cli-project/internal/app/repositories/user_repo.go:457.2,473.16 7 2
cli-project/internal/app/repositories/user_repo.go:473.16,475.3 1 2
cli-project/internal/app/repositories/user_repo.go:477.2,477.19 1 0
cli-project/internal/app/repositories/user_repo.go:480.62,483.16 2 4
cli-project/internal/app/repositories/user_repo.go:483.16,485.3 1 1
cli-project/internal/app/repositories/user_repo.go:488.2,500.16 5 3
cli-project/internal/app/repositories/user_repo.go:500.16,502.3 1 1
cli-project/internal/app/repositories/user_repo.go:505.2,505.24 1 2
cli-project/internal/app/repositories/user_repo.go:508.68,511.16 2 0
cli-project/internal/app/repositories/user_repo.go:511.16,513.3 1 0
cli-project/internal/app/repositories/user_repo.go:516.2,528.16 5 0
cli-project/internal/app/repositories/user_repo.go:528.16,530.3 1 0
cli-project/internal/app/repositories/user_repo.go:533.2,533.24 1 0
cli-project/internal/app/repositories/user_repo.go:536.72,539.16 2 0
cli-project/internal/app/repositories/user_repo.go:539.16,541.3 1 0
cli-project/internal/app/repositories/user_repo.go:544.2,556.16 5 0
cli-project/internal/app/repositories/user_repo.go:556.16,558.3 1 0
cli-project/internal/app/repositories/user_repo.go:561.2,561.24 1 0
cli-project/tests/mocks/repository/mock_question_interface.go:27.81,31.2 3 0
cli-project/tests/mocks/repository/mock_question_interface.go:34.79,36.2 1 0
cli-project/tests/mocks/repository/mock_question_interface.go:39.78,44.2 4 0
cli-project/tests/mocks/repository/mock_question_interface.go:47.91,50.2 2 0
cli-project/tests/mocks/repository/mock_question_interface.go:53.73,58.2 4 0
cli-project/tests/mocks/repository/mock_question_interface.go:61.95,64.2 2 0
cli-project/tests/mocks/repository/mock_question_interface.go:67.64,73.2 5 0
cli-project/tests/mocks/repository/mock_question_interface.go:76.77,79.2 2 0
cli-project/tests/mocks/repository/mock_question_interface.go:82.79,88.2 5 0
cli-project/tests/mocks/repository/mock_question_interface.go:91.80,94.2 2 0
cli-project/tests/mocks/repository/mock_question_interface.go:97.91,103.2 5 0
cli-project/tests/mocks/repository/mock_question_interface.go:106.96,109.2 2 0
cli-project/tests/mocks/repository/mock_question_interface.go:112.108,118.2 5 0
cli-project/tests/mocks/repository/mock_question_interface.go:121.114,124.2 2 0
cli-project/tests/mocks/repository/mock_question_interface.go:127.80,133.2 5 0
cli-project/tests/mocks/repository/mock_question_interface.go:136.97,139.2 2 0
cli-project/tests/mocks/repository/mock_question_interface.go:142.87,148.2 5 0
cli-project/tests/mocks/repository/mock_question_interface.go:151.104,154.2 2 0
cli-project/tests/mocks/repository/mock_question_interface.go:157.72,162.2 4 0
cli-project/tests/mocks/repository/mock_question_interface.go:165.97,168.2 2 0
cli-project/tests/mocks/repository/mock_user_interface.go:27.73,31.2 3 0
cli-project/tests/mocks/repository/mock_user_interface.go:34.71,36.2 1 0
cli-project/tests/mocks/repository/mock_user_interface.go:39.57,44.2 4 0
cli-project/tests/mocks/repository/mock_user_interface.go:47.82,50.2 2 0
cli-project/tests/mocks/repository/mock_user_interface.go:53.75,59.2 5 0
cli-project/tests/mocks/repository/mock_user_interface.go:62.88,65.2 2 0
cli-project/tests/mocks/repository/mock_user_interface.go:68.74,73.2 4 0
cli-project/tests/mocks/repository/mock_user_interface.go:76.85,79.2 2 0
cli-project/tests/mocks/repository/mock_user_interface.go:82.78,88.2 5 0
cli-project/tests/mocks/repository/mock_user_interface.go:91.72,94.2 2 0
cli-project/tests/mocks/repository/mock_user_interface.go:97.87,103.2 5 0
cli-project/tests/mocks/repository/mock_user_interface.go:106.88,109.2 2 0
cli-project/tests/mocks/repository/mock_user_interface.go:112.93,118.2 5 0
cli-project/tests/mocks/repository/mock_user_interface.go:121.94,124.2 2 0
cli-project/tests/mocks/repository/mock_user_interface.go:127.80,133.2 5 0
cli-project/tests/mocks/repository/mock_user_interface.go:136.92,139.2 2 0
cli-project/tests/mocks/repository/mock_user_interface.go:142.71,148.2 5 0
cli-project/tests/mocks/repository/mock_user_interface.go:151.88,154.2 2 0
cli-project/tests/mocks/repository/mock_user_interface.go:157.76,163.2 5 0
cli-project/tests/mocks/repository/mock_user_interface.go:166.93,169.2 2 0
cli-project/tests/mocks/repository/mock_user_interface.go:172.74,178.2 5 0
cli-project/tests/mocks/repository/mock_user_interface.go:181.91,184.2 2 0
cli-project/tests/mocks/repository/mock_user_interface.go:187.59,192.2 4 0
cli-project/tests/mocks/repository/mock_user_interface.go:195.84,198.2 2 0
cli-project/tests/mocks/repository/mock_user_interface.go:201.81,206.2 4 0
cli-project/tests/mocks/repository/mock_user_interface.go:209.92,212.2 2 0
cli-project/tests/mocks/repository/mock_user_interface.go:215.94,220.2 4 0
cli-project/tests/mocks/repository/mock_user_interface.go:223.107,226.2 2 0
cli-project/tests/mocks/services/mock_auth_service_interface.go:25.67,29.2 3 0
cli-project/tests/mocks/services/mock_auth_service_interface.go:32.65,34.2 1 0
cli-project/tests/mocks/services/mock_auth_service_interface.go:37.69,43.2 5 0
cli-project/tests/mocks/services/mock_auth_service_interface.go:46.86,49.2 2 0
cli-project/tests/mocks/services/mock_auth_service_interface.go:52.79,58.2 5 0
cli-project/tests/mocks/services/mock_auth_service_interface.go:61.96,64.2 2 0
cli-project/tests/mocks/services/mock_auth_service_interface.go:67.75,73.2 5 0
cli-project/tests/mocks/services/mock_auth_service_interface.go:76.92,79.2 2 0
cli-project/tests/mocks/services/mock_auth_service_interface.go:82.83,88.2 5 0
cli-project/tests/mocks/services/mock_auth_service_interface.go:91.100,94.2 2 0
cli-project/tests/mocks/services/mock_leetcode_interface.go:26.67,30.2 3 0
cli-project/tests/mocks/services/mock_leetcode_interface.go:33.65,35.2 1 0
cli-project/tests/mocks/services/mock_leetcode_interface.go:38.117,44.2 5 0
cli-project/tests/mocks/services/mock_leetcode_interface.go:47.93,50.2 2 0
cli-project/tests/mocks/services/mock_leetcode_interface.go:53.107,59.2 5 0
cli-project/tests/mocks/services/mock_leetcode_interface.go:62.105,65.2 2 0
cli-project/tests/mocks/services/mock_leetcode_interface.go:68.90,74.2 5 0
cli-project/tests/mocks/services/mock_leetcode_interface.go:77.90,80.2 2 0
cli-project/tests/mocks/services/mock_leetcode_interface.go:83.86,89.2 5 0
cli-project/tests/mocks/services/mock_leetcode_interface.go:92.86,95.2 2 0
cli-project/tests/mocks/services/mock_leetcode_interface.go:98.75,104.2 5 0
cli-project/tests/mocks/services/mock_leetcode_interface.go:107.92,110.2 2 0
cli-project/tests/mocks/services/mock_question_service_interface.go:27.75,31.2 3 0
cli-project/tests/mocks/services/mock_question_service_interface.go:34.73,36.2 1 0
cli-project/tests/mocks/services/mock_question_service_interface.go:39.91,45.2 5 0
cli-project/tests/mocks/services/mock_question_service_interface.go:48.108,51.2 2 0
cli-project/tests/mocks/services/mock_question_service_interface.go:54.74,60.2 5 0
cli-project/tests/mocks/services/mock_question_service_interface.go:63.75,66.2 2 0
cli-project/tests/mocks/services/mock_question_service_interface.go:69.92,75.2 5 0
cli-project/tests/mocks/services/mock_question_service_interface.go:78.97,81.2 2 0
cli-project/tests/mocks/services/mock_question_service_interface.go:84.113,90.2 5 0
cli-project/tests/mocks/services/mock_question_service_interface.go:93.119,96.2 2 0
cli-project/tests/mocks/services/mock_question_service_interface.go:99.69,105.2 5 0
cli-project/tests/mocks/services/mock_question_service_interface.go:108.82,111.2 2 0
cli-project/tests/mocks/services/mock_question_service_interface.go:114.83,120.2 5 0
cli-project/tests/mocks/services/mock_question_service_interface.go:123.100,126.2 2 0
cli-project/tests/mocks/services/mock_question_service_interface.go:129.84,135.2 5 0
cli-project/tests/mocks/services/mock_question_service_interface.go:138.101,141.2 2 0
cli-project/tests/mocks/services/mock_question_service_interface.go:144.75,149.2 4 0
cli-project/tests/mocks/services/mock_question_service_interface.go:152.100,155.2 2 0
cli-project/tests/mocks/services/mock_user_service_interface.go:26.67,30.2 3 0
cli-project/tests/mocks/services/mock_user_service_interface.go:33.65,35.2 1 0
cli-project/tests/mocks/services/mock_user_service_interface.go:38.66,44.2 5 0
cli-project/tests/mocks/services/mock_user_service_interface.go:47.83,50.2 2 0
cli-project/tests/mocks/services/mock_user_service_interface.go:53.71,59.2 5 0
cli-project/tests/mocks/services/mock_user_service_interface.go:62.84,65.2 2 0
cli-project/tests/mocks/services/mock_user_service_interface.go:68.73,74.2 5 0
cli-project/tests/mocks/services/mock_user_service_interface.go:77.67,80.2 2 0
cli-project/tests/mocks/services/mock_user_service_interface.go:83.77,89.2 5 0
cli-project/tests/mocks/services/mock_user_service_interface.go:92.72,95.2 2 0
cli-project/tests/mocks/services/mock_user_service_interface.go:98.84,104.2 5 0
cli-project/tests/mocks/services/mock_user_service_interface.go:107.85,110.2 2 0
cli-project/tests/mocks/services/mock_user_service_interface.go:113.92,119.2 5 0
cli-project/tests/mocks/services/mock_user_service_interface.go:122.93,125.2 2 0
cli-project/tests/mocks/services/mock_user_service_interface.go:128.94,134.2 5 0
cli-project/tests/mocks/services/mock_user_service_interface.go:137.94,140.2 2 0
cli-project/tests/mocks/services/mock_user_service_interface.go:143.70,149.2 5 0
cli-project/tests/mocks/services/mock_user_service_interface.go:152.85,155.2 2 0
cli-project/tests/mocks/services/mock_user_service_interface.go:158.94,164.2 5 0
cli-project/tests/mocks/services/mock_user_service_interface.go:167.94,170.2 2 0
cli-project/tests/mocks/services/mock_user_service_interface.go:173.77,179.2 5 0
cli-project/tests/mocks/services/mock_user_service_interface.go:182.89,185.2 2 0
cli-project/tests/mocks/services/mock_user_service_interface.go:188.70,194.2 5 0
cli-project/tests/mocks/services/mock_user_service_interface.go:197.85,200.2 2 0
cli-project/tests/mocks/services/mock_user_service_interface.go:203.69,209.2 5 0
cli-project/tests/mocks/services/mock_user_service_interface.go:212.86,215.2 2 0
cli-project/tests/mocks/services/mock_user_service_interface.go:218.66,223.2 4 0
cli-project/tests/mocks/services/mock_user_service_interface.go:226.91,229.2 2 0
cli-project/tests/mocks/services/mock_user_service_interface.go:232.42,237.2 4 0
cli-project/tests/mocks/services/mock_user_service_interface.go:240.62,243.2 2 0
cli-project/tests/mocks/services/mock_user_service_interface.go:246.67,251.2 4 0
cli-project/tests/mocks/services/mock_user_service_interface.go:254.78,257.2 2 0
cli-project/tests/mocks/services/mock_user_service_interface.go:260.68,266.2 5 0
cli-project/tests/mocks/services/mock_user_service_interface.go:269.85,272.2 2 0
cli-project/tests/mocks/services/mock_user_service_interface.go:275.54,280.2 4 0
cli-project/tests/mocks/services/mock_user_service_interface.go:283.74,286.2 2 0
cli-project/tests/mocks/services/mock_user_service_interface.go:289.49,294.2 4 0
cli-project/tests/mocks/services/mock_user_service_interface.go:297.69,300.2 2 0
cli-project/pkg/utils/data_cleaning/capitalize_words.go:9.39,11.29 2 10
cli-project/pkg/utils/data_cleaning/capitalize_words.go:11.29,13.20 1 20
cli-project/pkg/utils/data_cleaning/capitalize_words.go:13.20,15.4 1 20
cli-project/pkg/utils/data_cleaning/capitalize_words.go:17.2,17.33 1 10
cli-project/pkg/utils/data_cleaning/clean_string.go:5.39,7.2 1 35
cli-project/pkg/utils/data_cleaning/clean_tags.go:5.38,7.30 2 9
cli-project/pkg/utils/data_cleaning/clean_tags.go:7.30,9.3 1 25
cli-project/pkg/utils/data_cleaning/clean_tags.go:10.2,10.16 1 9
cli-project/tests/mocks/repository/mock_question_interface.go:27.81,31.2 3 0
cli-project/tests/mocks/repository/mock_question_interface.go:34.79,36.2 1 0
cli-project/tests/mocks/repository/mock_question_interface.go:39.78,44.2 4 0
cli-project/tests/mocks/repository/mock_question_interface.go:47.91,50.2 2 0
cli-project/tests/mocks/repository/mock_question_interface.go:53.73,58.2 4 0
cli-project/tests/mocks/repository/mock_question_interface.go:61.95,64.2 2 0
cli-project/tests/mocks/repository/mock_question_interface.go:67.64,73.2 5 0
cli-project/tests/mocks/repository/mock_question_interface.go:76.77,79.2 2 0
cli-project/tests/mocks/repository/mock_question_interface.go:82.79,88.2 5 0
cli-project/tests/mocks/repository/mock_question_interface.go:91.80,94.2 2 0
cli-project/tests/mocks/repository/mock_question_interface.go:97.91,103.2 5 0
cli-project/tests/mocks/repository/mock_question_interface.go:106.96,109.2 2 0
cli-project/tests/mocks/repository/mock_question_interface.go:112.108,118.2 5 0
cli-project/tests/mocks/repository/mock_question_interface.go:121.114,124.2 2 0
cli-project/tests/mocks/repository/mock_question_interface.go:127.80,133.2 5 0
cli-project/tests/mocks/repository/mock_question_interface.go:136.97,139.2 2 0
cli-project/tests/mocks/repository/mock_question_interface.go:142.87,148.2 5 0
cli-project/tests/mocks/repository/mock_question_interface.go:151.104,154.2 2 0
cli-project/tests/mocks/repository/mock_question_interface.go:157.72,162.2 4 0
cli-project/tests/mocks/repository/mock_question_interface.go:165.97,168.2 2 0
cli-project/tests/mocks/repository/mock_user_interface.go:27.73,31.2 3 0
cli-project/tests/mocks/repository/mock_user_interface.go:34.71,36.2 1 0
cli-project/tests/mocks/repository/mock_user_interface.go:39.57,44.2 4 0
cli-project/tests/mocks/repository/mock_user_interface.go:47.82,50.2 2 0
cli-project/tests/mocks/repository/mock_user_interface.go:53.75,59.2 5 0
cli-project/tests/mocks/repository/mock_user_interface.go:62.88,65.2 2 0
cli-project/tests/mocks/repository/mock_user_interface.go:68.74,73.2 4 0
cli-project/tests/mocks/repository/mock_user_interface.go:76.85,79.2 2 0
cli-project/tests/mocks/repository/mock_user_interface.go:82.78,88.2 5 0
cli-project/tests/mocks/repository/mock_user_interface.go:91.72,94.2 2 0
cli-project/tests/mocks/repository/mock_user_interface.go:97.87,103.2 5 0
cli-project/tests/mocks/repository/mock_user_interface.go:106.88,109.2 2 0
cli-project/tests/mocks/repository/mock_user_interface.go:112.93,118.2 5 0
cli-project/tests/mocks/repository/mock_user_interface.go:121.94,124.2 2 0
cli-project/tests/mocks/repository/mock_user_interface.go:127.80,133.2 5 0
cli-project/tests/mocks/repository/mock_user_interface.go:136.92,139.2 2 0
cli-project/tests/mocks/repository/mock_user_interface.go:142.71,148.2 5 0
cli-project/tests/mocks/repository/mock_user_interface.go:151.88,154.2 2 0
cli-project/tests/mocks/repository/mock_user_interface.go:157.76,163.2 5 0
cli-project/tests/mocks/repository/mock_user_interface.go:166.93,169.2 2 0
cli-project/tests/mocks/repository/mock_user_interface.go:172.74,178.2 5 0
cli-project/tests/mocks/repository/mock_user_interface.go:181.91,184.2 2 0
cli-project/tests/mocks/repository/mock_user_interface.go:187.59,192.2 4 0
cli-project/tests/mocks/repository/mock_user_interface.go:195.84,198.2 2 0
cli-project/tests/mocks/repository/mock_user_interface.go:201.81,206.2 4 0
cli-project/tests/mocks/repository/mock_user_interface.go:209.92,212.2 2 0
cli-project/tests/mocks/repository/mock_user_interface.go:215.94,220.2 4 0
cli-project/tests/mocks/repository/mock_user_interface.go:223.107,226.2 2 0
cli-project/tests/mocks/services/mock_auth_service_interface.go:25.67,29.2 3 0
cli-project/tests/mocks/services/mock_auth_service_interface.go:32.65,34.2 1 0
cli-project/tests/mocks/services/mock_auth_service_interface.go:37.69,43.2 5 0
cli-project/tests/mocks/services/mock_auth_service_interface.go:46.86,49.2 2 0
cli-project/tests/mocks/services/mock_auth_service_interface.go:52.79,58.2 5 0
cli-project/tests/mocks/services/mock_auth_service_interface.go:61.96,64.2 2 0
cli-project/tests/mocks/services/mock_auth_service_interface.go:67.75,73.2 5 0
cli-project/tests/mocks/services/mock_auth_service_interface.go:76.92,79.2 2 0
cli-project/tests/mocks/services/mock_auth_service_interface.go:82.83,88.2 5 0
cli-project/tests/mocks/services/mock_auth_service_interface.go:91.100,94.2 2 0
cli-project/tests/mocks/services/mock_leetcode_interface.go:26.67,30.2 3 0
cli-project/tests/mocks/services/mock_leetcode_interface.go:33.65,35.2 1 0
cli-project/tests/mocks/services/mock_leetcode_interface.go:38.117,44.2 5 0
cli-project/tests/mocks/services/mock_leetcode_interface.go:47.93,50.2 2 0
cli-project/tests/mocks/services/mock_leetcode_interface.go:53.107,59.2 5 0
cli-project/tests/mocks/services/mock_leetcode_interface.go:62.105,65.2 2 0
cli-project/tests/mocks/services/mock_leetcode_interface.go:68.90,74.2 5 0
cli-project/tests/mocks/services/mock_leetcode_interface.go:77.90,80.2 2 0
cli-project/tests/mocks/services/mock_leetcode_interface.go:83.86,89.2 5 0
cli-project/tests/mocks/services/mock_leetcode_interface.go:92.86,95.2 2 0
cli-project/tests/mocks/services/mock_leetcode_interface.go:98.75,104.2 5 0
cli-project/tests/mocks/services/mock_leetcode_interface.go:107.92,110.2 2 0
cli-project/tests/mocks/services/mock_question_service_interface.go:27.75,31.2 3 0
cli-project/tests/mocks/services/mock_question_service_interface.go:34.73,36.2 1 0
cli-project/tests/mocks/services/mock_question_service_interface.go:39.91,45.2 5 0
cli-project/tests/mocks/services/mock_question_service_interface.go:48.108,51.2 2 0
cli-project/tests/mocks/services/mock_question_service_interface.go:54.74,60.2 5 0
cli-project/tests/mocks/services/mock_question_service_interface.go:63.75,66.2 2 0
cli-project/tests/mocks/services/mock_question_service_interface.go:69.92,75.2 5 0
cli-project/tests/mocks/services/mock_question_service_interface.go:78.97,81.2 2 0
cli-project/tests/mocks/services/mock_question_service_interface.go:84.113,90.2 5 0
cli-project/tests/mocks/services/mock_question_service_interface.go:93.119,96.2 2 0
cli-project/tests/mocks/services/mock_question_service_interface.go:99.69,105.2 5 0
cli-project/tests/mocks/services/mock_question_service_interface.go:108.82,111.2 2 0
cli-project/tests/mocks/services/mock_question_service_interface.go:114.83,120.2 5 0
cli-project/tests/mocks/services/mock_question_service_interface.go:123.100,126.2 2 0
cli-project/tests/mocks/services/mock_question_service_interface.go:129.84,135.2 5 0
cli-project/tests/mocks/services/mock_question_service_interface.go:138.101,141.2 2 0
cli-project/tests/mocks/services/mock_question_service_interface.go:144.75,149.2 4 0
cli-project/tests/mocks/services/mock_question_service_interface.go:152.100,155.2 2 0
cli-project/tests/mocks/services/mock_user_service_interface.go:26.67,30.2 3 0
cli-project/tests/mocks/services/mock_user_service_interface.go:33.65,35.2 1 0
cli-project/tests/mocks/services/mock_user_service_interface.go:38.66,44.2 5 0
cli-project/tests/mocks/services/mock_user_service_interface.go:47.83,50.2 2 0
cli-project/tests/mocks/services/mock_user_service_interface.go:53.71,59.2 5 0
cli-project/tests/mocks/services/mock_user_service_interface.go:62.84,65.2 2 0
cli-project/tests/mocks/services/mock_user_service_interface.go:68.73,74.2 5 0
cli-project/tests/mocks/services/mock_user_service_interface.go:77.67,80.2 2 0
cli-project/tests/mocks/services/mock_user_service_interface.go:83.77,89.2 5 0
cli-project/tests/mocks/services/mock_user_service_interface.go:92.72,95.2 2 0
cli-project/tests/mocks/services/mock_user_service_interface.go:98.84,104.2 5 0
cli-project/tests/mocks/services/mock_user_service_interface.go:107.85,110.2 2 0
cli-project/tests/mocks/services/mock_user_service_interface.go:113.92,119.2 5 0
cli-project/tests/mocks/services/mock_user_service_interface.go:122.93,125.2 2 0
cli-project/tests/mocks/services/mock_user_service_interface.go:128.94,134.2 5 0
cli-project/tests/mocks/services/mock_user_service_interface.go:137.94,140.2 2 0
cli-project/tests/mocks/services/mock_user_service_interface.go:143.70,149.2 5 0
cli-project/tests/mocks/services/mock_user_service_interface.go:152.85,155.2 2 0
cli-project/tests/mocks/services/mock_user_service_interface.go:158.94,164.2 5 0
cli-project/tests/mocks/services/mock_user_service_interface.go:167.94,170.2 2 0
cli-project/tests/mocks/services/mock_user_service_interface.go:173.77,179.2 5 0
cli-project/tests/mocks/services/mock_user_service_interface.go:182.89,185.2 2 0
cli-project/tests/mocks/services/mock_user_service_interface.go:188.70,194.2 5 0
cli-project/tests/mocks/services/mock_user_service_interface.go:197.85,200.2 2 0
cli-project/tests/mocks/services/mock_user_service_interface.go:203.69,209.2 5 0
cli-project/tests/mocks/services/mock_user_service_interface.go:212.86,215.2 2 0
cli-project/tests/mocks/services/mock_user_service_interface.go:218.66,223.2 4 0
cli-project/tests/mocks/services/mock_user_service_interface.go:226.91,229.2 2 0
cli-project/tests/mocks/services/mock_user_service_interface.go:232.42,237.2 4 0
cli-project/tests/mocks/services/mock_user_service_interface.go:240.62,243.2 2 0
cli-project/tests/mocks/services/mock_user_service_interface.go:246.67,251.2 4 0
cli-project/tests/mocks/services/mock_user_service_interface.go:254.78,257.2 2 0
cli-project/tests/mocks/services/mock_user_service_interface.go:260.68,266.2 5 0
cli-project/tests/mocks/services/mock_user_service_interface.go:269.85,272.2 2 0
cli-project/tests/mocks/services/mock_user_service_interface.go:275.54,280.2 4 0
cli-project/tests/mocks/services/mock_user_service_interface.go:283.74,286.2 2 0
cli-project/tests/mocks/services/mock_user_service_interface.go:289.49,294.2 4 0
cli-project/tests/mocks/services/mock_user_service_interface.go:297.69,300.2 2 0
cli-project/tests/mocks/repository/mock_question_interface.go:27.81,31.2 3 0
cli-project/tests/mocks/repository/mock_question_interface.go:34.79,36.2 1 0
cli-project/tests/mocks/repository/mock_question_interface.go:39.78,44.2 4 0
cli-project/tests/mocks/repository/mock_question_interface.go:47.91,50.2 2 0
cli-project/tests/mocks/repository/mock_question_interface.go:53.73,58.2 4 0
cli-project/tests/mocks/repository/mock_question_interface.go:61.95,64.2 2 0
cli-project/tests/mocks/repository/mock_question_interface.go:67.64,73.2 5 0
cli-project/tests/mocks/repository/mock_question_interface.go:76.77,79.2 2 0
cli-project/tests/mocks/repository/mock_question_interface.go:82.79,88.2 5 0
cli-project/tests/mocks/repository/mock_question_interface.go:91.80,94.2 2 0
cli-project/tests/mocks/repository/mock_question_interface.go:97.91,103.2 5 0
cli-project/tests/mocks/repository/mock_question_interface.go:106.96,109.2 2 0
cli-project/tests/mocks/repository/mock_question_interface.go:112.108,118.2 5 0
cli-project/tests/mocks/repository/mock_question_interface.go:121.114,124.2 2 0
cli-project/tests/mocks/repository/mock_question_interface.go:127.80,133.2 5 0
cli-project/tests/mocks/repository/mock_question_interface.go:136.97,139.2 2 0
cli-project/tests/mocks/repository/mock_question_interface.go:142.87,148.2 5 0
cli-project/tests/mocks/repository/mock_question_interface.go:151.104,154.2 2 0
cli-project/tests/mocks/repository/mock_question_interface.go:157.72,162.2 4 0
cli-project/tests/mocks/repository/mock_question_interface.go:165.97,168.2 2 0
cli-project/tests/mocks/repository/mock_user_interface.go:27.73,31.2 3 0
cli-project/tests/mocks/repository/mock_user_interface.go:34.71,36.2 1 0
cli-project/tests/mocks/repository/mock_user_interface.go:39.57,44.2 4 0
cli-project/tests/mocks/repository/mock_user_interface.go:47.82,50.2 2 0
cli-project/tests/mocks/repository/mock_user_interface.go:53.75,59.2 5 0
cli-project/tests/mocks/repository/mock_user_interface.go:62.88,65.2 2 0
cli-project/tests/mocks/repository/mock_user_interface.go:68.74,73.2 4 0
cli-project/tests/mocks/repository/mock_user_interface.go:76.85,79.2 2 0
cli-project/tests/mocks/repository/mock_user_interface.go:82.78,88.2 5 0
cli-project/tests/mocks/repository/mock_user_interface.go:91.72,94.2 2 0
cli-project/tests/mocks/repository/mock_user_interface.go:97.87,103.2 5 0
cli-project/tests/mocks/repository/mock_user_interface.go:106.88,109.2 2 0
cli-project/tests/mocks/repository/mock_user_interface.go:112.93,118.2 5 0
cli-project/tests/mocks/repository/mock_user_interface.go:121.94,124.2 2 0
cli-project/tests/mocks/repository/mock_user_interface.go:127.80,133.2 5 0
cli-project/tests/mocks/repository/mock_user_interface.go:136.92,139.2 2 0
cli-project/tests/mocks/repository/mock_user_interface.go:142.71,148.2 5 0
cli-project/tests/mocks/repository/mock_user_interface.go:151.88,154.2 2 0
cli-project/tests/mocks/repository/mock_user_interface.go:157.76,163.2 5 0
cli-project/tests/mocks/repository/mock_user_interface.go:166.93,169.2 2 0
cli-project/tests/mocks/repository/mock_user_interface.go:172.74,178.2 5 0
cli-project/tests/mocks/repository/mock_user_interface.go:181.91,184.2 2 0
cli-project/tests/mocks/repository/mock_user_interface.go:187.59,192.2 4 0
cli-project/tests/mocks/repository/mock_user_interface.go:195.84,198.2 2 0
cli-project/tests/mocks/repository/mock_user_interface.go:201.81,206.2 4 0
cli-project/tests/mocks/repository/mock_user_interface.go:209.92,212.2 2 0
cli-project/tests/mocks/repository/mock_user_interface.go:215.94,220.2 4 0
cli-project/tests/mocks/repository/mock_user_interface.go:223.107,226.2 2 0
cli-project/tests/mocks/services/mock_auth_service_interface.go:25.67,29.2 3 0
cli-project/tests/mocks/services/mock_auth_service_interface.go:32.65,34.2 1 0
cli-project/tests/mocks/services/mock_auth_service_interface.go:37.69,43.2 5 0
cli-project/tests/mocks/services/mock_auth_service_interface.go:46.86,49.2 2 0
cli-project/tests/mocks/services/mock_auth_service_interface.go:52.79,58.2 5 0
cli-project/tests/mocks/services/mock_auth_service_interface.go:61.96,64.2 2 0
cli-project/tests/mocks/services/mock_auth_service_interface.go:67.75,73.2 5 0
cli-project/tests/mocks/services/mock_auth_service_interface.go:76.92,79.2 2 0
cli-project/tests/mocks/services/mock_auth_service_interface.go:82.83,88.2 5 0
cli-project/tests/mocks/services/mock_auth_service_interface.go:91.100,94.2 2 0
cli-project/tests/mocks/services/mock_leetcode_interface.go:26.67,30.2 3 0
cli-project/tests/mocks/services/mock_leetcode_interface.go:33.65,35.2 1 0
cli-project/tests/mocks/services/mock_leetcode_interface.go:38.117,44.2 5 0
[...]
cli-project/tests/mocks/repository/mock_question_interface.go:27.81,31.2 3 34
cli-project/tests/mocks/repository/mock_question_interface.go:34.79,36.2 1 20
cli-project/tests/mocks/repository/mock_question_interface.go:39.78,44.2 4 2
cli-project/tests/mocks/repository/mock_question_interface.go:47.91,50.2 2 2
cli-project/tests/mocks/repository/mock_question_interface.go:53.73,58.2 4 0
cli-project/tests/mocks/repository/mock_question_interface.go:61.95,64.2 2 0
cli-project/tests/mocks/repository/mock_question_interface.go:67.64,73.2 5 2
cli-project/tests/mocks/repository/mock_question_interface.go:76.77,79.2 2 2
cli-project/tests/mocks/repository/mock_question_interface.go:82.79,88.2 5 2
cli-project/tests/mocks/repository/mock_question_interface.go:91.80,94.2 2 2
cli-project/tests/mocks/repository/mock_question_interface.go:97.91,103.2 5 1
cli-project/tests/mocks/repository/mock_question_interface.go:106.96,109.2 2 1
cli-project/tests/mocks/repository/mock_question_interface.go:112.108,118.2 5 1
cli-project/tests/mocks/repository/mock_question_interface.go:121.114,124.2 2 1
cli-project/tests/mocks/repository/mock_question_interface.go:127.80,133.2 5 7
cli-project/tests/mocks/repository/mock_question_interface.go:136.97,139.2 2 7
cli-project/tests/mocks/repository/mock_question_interface.go:142.87,148.2 5 4
cli-project/tests/mocks/repository/mock_question_interface.go:151.104,154.2 2 4
cli-project/tests/mocks/repository/mock_question_interface.go:157.72,162.2 4 1
cli-project/tests/mocks/repository/mock_question_interface.go:165.97,168.2 2 1
cli-project/tests/mocks/repository/mock_user_interface.go:27.73,31.2 3 36
cli-project/tests/mocks/repository/mock_user_interface.go:34.71,36.2 1 77
cli-project/tests/mocks/repository/mock_user_interface.go:39.57,44.2 4 3
cli-project/tests/mocks/repository/mock_user_interface.go:47.82,50.2 2 3
cli-project/tests/mocks/repository/mock_user_interface.go:53.75,59.2 5 6
cli-project/tests/mocks/repository/mock_user_interface.go:62.88,65.2 2 6
cli-project/tests/mocks/repository/mock_user_interface.go:68.74,73.2 4 3
cli-project/tests/mocks/repository/mock_user_interface.go:76.85,79.2 2 3
cli-project/tests/mocks/repository/mock_user_interface.go:82.78,88.2 5 2
cli-project/tests/mocks/repository/mock_user_interface.go:91.72,94.2 2 2
cli-project/tests/mocks/repository/mock_user_interface.go:97.87,103.2 5 22
cli-project/tests/mocks/repository/mock_user_interface.go:106.88,109.2 2 22
cli-project/tests/mocks/repository/mock_user_interface.go:112.93,118.2 5 31
cli-project/tests/mocks/repository/mock_user_interface.go:121.94,124.2 2 30
cli-project/tests/mocks/repository/mock_user_interface.go:127.80,133.2 5 6
cli-project/tests/mocks/repository/mock_user_interface.go:136.92,139.2 2 6
cli-project/tests/mocks/repository/mock_user_interface.go:142.71,148.2 5 1
cli-project/tests/mocks/repository/mock_user_interface.go:151.88,154.2 2 1
cli-project/tests/mocks/repository/mock_user_interface.go:157.76,163.2 5 1
cli-project/tests/mocks/repository/mock_user_interface.go:166.93,169.2 2 1
cli-project/tests/mocks/repository/mock_user_interface.go:172.74,178.2 5 1
cli-project/tests/mocks/repository/mock_user_interface.go:181.91,184.2 2 1
cli-project/tests/mocks/repository/mock_user_interface.go:187.59,192.2 4 0
cli-project/tests/mocks/repository/mock_user_interface.go:195.84,198.2 2 0
cli-project/tests/mocks/repository/mock_user_interface.go:201.81,206.2 4 2
cli-project/tests/mocks/repository/mock_user_interface.go:209.92,212.2 2 2
cli-project/tests/mocks/repository/mock_user_interface.go:215.94,220.2 4 0
cli-project/tests/mocks/repository/mock_user_interface.go:223.107,226.2 2 0
cli-project/tests/mocks/services/mock_auth_service_interface.go:25.67,29.2 3 34
cli-project/tests/mocks/services/mock_auth_service_interface.go:32.65,34.2 1 0
cli-project/tests/mocks/services/mock_auth_service_interface.go:37.69,43.2 5 0
cli-project/tests/mocks/services/mock_auth_service_interface.go:46.86,49.2 2 0
cli-project/tests/mocks/services/mock_auth_service_interface.go:52.79,58.2 5 0
cli-project/tests/mocks/services/mock_auth_service_interface.go:61.96,64.2 2 0
cli-project/tests/mocks/services/mock_auth_service_interface.go:67.75,73.2 5 0
cli-project/tests/mocks/services/mock_auth_service_interface.go:76.92,79.2 2 0
cli-project/tests/mocks/services/mock_auth_service_interface.go:82.83,88.2 5 0
cli-project/tests/mocks/services/mock_auth_service_interface.go:91.100,94.2 2 0
cli-project/tests/mocks/services/mock_leetcode_interface.go:26.67,30.2 3 68
cli-project/tests/mocks/services/mock_leetcode_interface.go:33.65,35.2 1 5
cli-project/tests/mocks/services/mock_leetcode_interface.go:38.117,44.2 5 0
cli-project/tests/mocks/services/mock_leetcode_interface.go:47.93,50.2 2 0
cli-project/tests/mocks/services/mock_leetcode_interface.go:53.107,59.2 5 0
cli-project/tests/mocks/services/mock_leetcode_interface.go:62.105,65.2 2 0
cli-project/tests/mocks/services/mock_leetcode_interface.go:68.90,74.2 5 0
cli-project/tests/mocks/services/mock_leetcode_interface.go:77.90,80.2 2 0
cli-project/tests/mocks/services/mock_leetcode_interface.go:83.86,89.2 5 4
cli-project/tests/mocks/services/mock_leetcode_interface.go:92.86,95.2 2 4
cli-project/tests/mocks/services/mock_leetcode_interface.go:98.75,104.2 5 1
cli-project/tests/mocks/services/mock_leetcode_interface.go:107.92,110.2 2 1
cli-project/tests/mocks/services/mock_question_service_interface.go:27.75,31.2 3 34
cli-project/tests/mocks/services/mock_question_service_interface.go:34.73,36.2 1 12
cli-project/tests/mocks/services/mock_question_service_interface.go:39.91,45.2 5 0
cli-project/tests/mocks/services/mock_question_service_interface.go:48.108,51.2 2 0
cli-project/tests/mocks/services/mock_question_service_interface.go:54.74,60.2 5 2
cli-project/tests/mocks/services/mock_question_service_interface.go:63.75,66.2 2 2
cli-project/tests/mocks/services/mock_question_service_interface.go:69.92,75.2 5 4
cli-project/tests/mocks/services/mock_question_service_interface.go:78.97,81.2 2 4
cli-project/tests/mocks/services/mock_question_service_interface.go:84.113,90.2 5 0
cli-project/tests/mocks/services/mock_question_service_interface.go:93.119,96.2 2 0
cli-project/tests/mocks/services/mock_question_service_interface.go:99.69,105.2 5 6
cli-project/tests/mocks/services/mock_question_service_interface.go:108.82,111.2 2 6
cli-project/tests/mocks/services/mock_question_service_interface.go:114.83,120.2 5 0
cli-project/tests/mocks/services/mock_question_service_interface.go:123.100,126.2 2 0
cli-project/tests/mocks/services/mock_question_service_interface.go:129.84,135.2 5 0
cli-project/tests/mocks/services/mock_question_service_interface.go:138.101,141.2 2 0
cli-project/tests/mocks/services/mock_question_service_interface.go:144.75,149.2 4 0
cli-project/tests/mocks/services/mock_question_service_interface.go:152.100,155.2 2 0
cli-project/tests/mocks/services/mock_user_service_interface.go:26.67,30.2 3 34
cli-project/tests/mocks/services/mock_user_service_interface.go:33.65,35.2 1 0
cli-project/tests/mocks/services/mock_user_service_interface.go:38.66,44.2 5 0
cli-project/tests/mocks/services/mock_user_service_interface.go:47.83,50.2 2 0
cli-project/tests/mocks/services/mock_user_service_interface.go:53.71,59.2 5 0
cli-project/tests/mocks/services/mock_user_service_interface.go:62.84,65.2 2 0
cli-project/tests/mocks/services/mock_user_service_interface.go:68.73,74.2 5 0
cli-project/tests/mocks/services/mock_user_service_interface.go:77.67,80.2 2 0
cli-project/tests/mocks/services/mock_user_service_interface.go:83.77,89.2 5 0
cli-project/tests/mocks/services/mock_user_service_interface.go:92.72,95.2 2 0
cli-project/tests/mocks/services/mock_user_service_interface.go:98.84,104.2 5 0
cli-project/tests/mocks/services/mock_user_service_interface.go:107.85,110.2 2 0
cli-project/tests/mocks/services/mock_user_service_interface.go:113.92,119.2 5 0
cli-project/tests/mocks/services/mock_user_service_interface.go:122.93,125.2 2 0
cli-project/tests/mocks/services/mock_user_service_interface.go:128.94,134.2 5 0
cli-project/tests/mocks/services/mock_user_service_interface.go:137.94,140.2 2 0
cli-project/tests/mocks/services/mock_user_service_interface.go:143.70,149.2 5 0
cli-project/tests/mocks/services/mock_user_service_interface.go:152.85,155.2 2 0
cli-project/tests/mocks/services/mock_user_service_interface.go:158.94,164.2 5 0
cli-project/tests/mocks/services/mock_user_service_interface.go:167.94,170.2 2 0
cli-project/tests/mocks/services/mock_user_service_interface.go:173.77,179.2 5 0
cli-project/tests/mocks/services/mock_user_service_interface.go:182.89,185.2 2 0
cli-project/tests/mocks/services/mock_user_service_interface.go:188.70,194.2 5 0
cli-project/tests/mocks/services/mock_user_service_interface.go:197.85,200.2 2 0
cli-project/tests/mocks/services/mock_user_service_interface.go:203.69,209.2 5 0
cli-project/tests/mocks/services/mock_user_service_interface.go:212.86,215.2 2 0
cli-project/tests/mocks/services/mock_user_service_interface.go:218.66,223.2 4 0
cli-project/tests/mocks/services/mock_user_service_interface.go:226.91,229.2 2 0
cli-project/tests/mocks/services/mock_user_service_interface.go:232.42,237.2 4 0
cli-project/tests/mocks/services/mock_user_service_interface.go:240.62,243.2 2 0
cli-project/tests/mocks/services/mock_user_service_interface.go:246.67,251.2 4 0
cli-project/tests/mocks/services/mock_user_service_interface.go:254.78,257.2 2 0
cli-project/tests/mocks/services/mock_user_service_interface.go:260.68,266.2 5 0
cli-project/tests/mocks/services/mock_user_service_interface.go:269.85,272.2 2 0
cli-project/tests/mocks/services/mock_user_service_interface.go:275.54,280.2 4 0
cli-project/tests/mocks/services/mock_user_service_interface.go:283.74,286.2 2 0
cli-project/tests/mocks/services/mock_user_service_interface.go:289.49,294.2 4 0
cli-project/tests/mocks/services/mock_user_service_interface.go:297.69,300.2 2 0
cli-project/pkg/utils/password/password.go:8.52,11.2 2 4
cli-project/pkg/utils/password/password.go:14.49,17.2 2 5
cli-project/tests/mocks/repository/mock_question_interface.go:27.81,31.2 3 0
cli-project/tests/mocks/repository/mock_question_interface.go:34.79,36.2 1 0
cli-project/tests/mocks/repository/mock_question_interface.go:39.78,44.2 4 0
cli-project/tests/mocks/repository/mock_question_interface.go:47.91,50.2 2 0
cli-project/tests/mocks/repository/mock_question_interface.go:53.73,58.2 4 0
cli-project/tests/mocks/repository/mock_question_interface.go:61.95,64.2 2 0
cli-project/tests/mocks/repository/mock_question_interface.go:67.64,73.2 5 0
cli-project/tests/mocks/repository/mock_question_interface.go:76.77,79.2 2 0
cli-project/tests/mocks/repository/mock_question_interface.go:82.79,88.2 5 0
cli-project/tests/mocks/repository/mock_question_interface.go:91.80,94.2 2 0
cli-project/tests/mocks/repository/mock_question_interface.go:97.91,103.2 5 0
cli-project/tests/mocks/repository/mock_question_interface.go:106.96,109.2 2 0
cli-project/tests/mocks/repository/mock_question_interface.go:112.108,118.2 5 0
cli-project/tests/mocks/repository/mock_question_interface.go:121.114,124.2 2 0
cli-project/tests/mocks/repository/mock_question_interface.go:127.80,133.2 5 0
cli-project/tests/mocks/repository/mock_question_interface.go:136.97,139.2 2 0
cli-project/tests/mocks/repository/mock_question_interface.go:142.87,148.2 5 0
cli-project/tests/mocks/repository/mock_question_interface.go:151.104,154.2 2 0
cli-project/tests/mocks/repository/mock_question_interface.go:157.72,162.2 4 0
cli-project/tests/mocks/repository/mock_question_interface.go:165.97,168.2 2 0
cli-project/tests/mocks/repository/mock_user_interface.go:27.73,31.2 3 0
cli-project/tests/mocks/repository/mock_user_interface.go:34.71,36.2 1 0
cli-project/tests/mocks/repository/mock_user_interface.go:39.57,44.2 4 0
cli-project/tests/mocks/repository/mock_user_interface.go:47.82,50.2 2 0
cli-project/tests/mocks/repository/mock_user_interface.go:53.75,59.2 5 0
cli-project/tests/mocks/repository/mock_user_interface.go:62.88,65.2 2 0
cli-project/tests/mocks/repository/mock_user_interface.go:68.74,73.2 4 0
cli-project/tests/mocks/repository/mock_user_interface.go:76.85,79.2 2 0
cli-project/tests/mocks/repository/mock_user_interface.go:82.78,88.2 5 0
cli-project/tests/mocks/repository/mock_user_interface.go:91.72,94.2 2 0
cli-project/tests/mocks/repository/mock_user_interface.go:97.87,103.2 5 0
cli-project/tests/mocks/repository/mock_user_interface.go:106.88,109.2 2 0
cli-project/tests/mocks/repository/mock_user_interface.go:112.93,118.2 5 0
cli-project/tests/mocks/repository/mock_user_interface.go:121.94,124.2 2 0
cli-project/tests/mocks/repository/mock_user_interface.go:127.80,133.2 5 0
cli-project/tests/mocks/repository/mock_user_interface.go:136.92,139.2 2 0
cli-project/tests/mocks/repository/mock_user_interface.go:142.71,148.2 5 0
cli-project/tests/mocks/repository/mock_user_interface.go:151.88,154.2 2 0
cli-project/tests/mocks/repository/mock_user_interface.go:157.76,163.2 5 0
cli-project/tests/mocks/repository/mock_user_interface.go:166.93,169.2 2 0
cli-project/tests/mocks/repository/mock_user_interface.go:172.74,178.2 5 0
cli-project/tests/mocks/repository/mock_user_interface.go:181.91,184.2 2 0
cli-project/tests/mocks/repository/mock_user_interface.go:187.59,192.2 4 0
cli-project/tests/mocks/repository/mock_user_interface.go:195.84,198.2 2 0
cli-project/tests/mocks/repository/mock_user_interface.go:201.81,206.2 4 0
cli-project/tests/mocks/repository/mock_user_interface.go:209.92,212.2 2 0
cli-project/tests/mocks/repository/mock_user_interface.go:215.94,220.2 4 0
cli-project/tests/mocks/repository/mock_user_interface.go:223.107,226.2 2 0
cli-project/tests/mocks/services/mock_auth_service_interface.go:25.67,29.2 3 0
cli-project/tests/mocks/services/mock_auth_service_interface.go:32.65,34.2 1 0
cli-project/tests/mocks/services/mock_auth_service_interface.go:37.69,43.2 5 0
cli-project/tests/mocks/services/mock_auth_service_interface.go:46.86,49.2 2 0
cli-project/tests/mocks/services/mock_auth_service_interface.go:52.79,58.2 5 0
cli-project/tests/mocks/services/mock_auth_service_interface.go:61.96,64.2 2 0
cli-project/tests/mocks/services/mock_auth_service_interface.go:67.75,73.2 5 0
cli-project/tests/mocks/services/mock_auth_service_interface.go:76.92,79.2 2 0
cli-project/tests/mocks/services/mock_auth_service_interface.go:82.83,88.2 5 0
cli-project/tests/mocks/services/mock_auth_service_interface.go:91.100,94.2 2 0
cli-project/tests/mocks/services/mock_leetcode_interface.go:26.67,30.2 3 0
cli-project/tests/mocks/services/mock_leetcode_interface.go:33.65,35.2 1 0
cli-project/tests/mocks/services/mock_leetcode_interface.go:38.117,44.2 5 0
cli-project/tests/mocks/services/mock_leetcode_interface.go:47.93,50.2 2 0
cli-project/tests/mocks/services/mock_leetcode_interface.go:53.107,59.2 5 0
cli-project/tests/mocks/services/mock_leetcode_interface.go:62.105,65.2 2 0
cli-project/tests/mocks/services/mock_leetcode_interface.go:68.90,74.2 5 0
cli-project/tests/mocks/services/mock_leetcode_interface.go:77.90,80.2 2 0
cli-project/tests/mocks/services/mock_leetcode_interface.go:83.86,89.2 5 0
cli-project/tests/mocks/services/mock_leetcode_interface.go:92.86,95.2 2 0
cli-project/tests/mocks/services/mock_leetcode_interface.go:98.75,104.2 5 0
cli-project/tests/mocks/services/mock_leetcode_interface.go:107.92,110.2 2 0
cli-project/tests/mocks/services/mock_question_service_interface.go:27.75,31.2 3 0
cli-project/tests/mocks/services/mock_question_service_interface.go:34.73,36.2 1 0
cli-project/tests/mocks/services/mock_question_service_interface.go:39.91,45.2 5 0
cli-project/tests/mocks/services/mock_question_service_interface.go:48.108,51.2 2 0
cli-project/tests/mocks/services/mock_question_service_interface.go:54.74,60.2 5 0
cli-project/tests/mocks/services/mock_question_service_interface.go:63.75,66.2 2 0
cli-project/tests/mocks/services/mock_question_service_interface.go:69.92,75.2 5 0
cli-project/tests/mocks/services/mock_question_service_interface.go:78.97,81.2 2 0
cli-project/tests/mocks/services/mock_question_service_interface.go:84.113,90.2 5 0
cli-project/tests/mocks/services/mock_question_service_interface.go:93.119,96.2 2 0
cli-project/tests/mocks/services/mock_question_service_interface.go:99.69,105.2 5 0
cli-project/tests/mocks/services/mock_question_service_interface.go:108.82,111.2 2 0
cli-project/tests/mocks/services/mock_question_service_interface.go:114.83,120.2 5 0
cli-project/tests/mocks/services/mock_question_service_interface.go:123.100,126.2 2 0
cli-project/tests/mocks/services/mock_question_service_interface.go:129.84,135.2 5 0
cli-project/tests/mocks/services/mock_question_service_interface.go:138.101,141.2 2 0
cli-project/tests/mocks/services/mock_question_service_interface.go:144.75,149.2 4 0
cli-project/tests/mocks/services/mock_question_service_interface.go:152.100,155.2 2 0
cli-project/tests/mocks/services/mock_user_service_interface.go:26.67,30.2 3 0
cli-project/tests/mocks/services/mock_user_service_interface.go:33.65,35.2 1 0
cli-project/tests/mocks/services/mock_user_service_interface.go:38.66,44.2 5 0
cli-project/tests/mocks/services/mock_user_service_interface.go:47.83,50.2 2 0
cli-project/tests/mocks/services/mock_user_service_interface.go:53.71,59.2 5 0
cli-project/tests/mocks/services/mock_user_service_interface.go:62.84,65.2 2 0
cli-project/tests/mocks/services/mock_user_service_interface.go:68.73,74.2 5 0
cli-project/tests/mocks/services/mock_user_service_interface.go:77.67,80.2 2 0
cli-project/tests/mocks/services/mock_user_service_interface.go:83.77,89.2 5 0
cli-project/tests/mocks/services/mock_user_service_interface.go:92.72,95.2 2 0
cli-project/tests/mocks/services/mock_user_service_interface.go:98.84,104.2 5 0
cli-project/tests/mocks/services/mock_user_service_interface.go:107.85,110.2 2 0
cli-project/tests/mocks/services/mock_user_service_interface.go:113.92,119.2 5 0
cli-project/tests/mocks/services/mock_user_service_interface.go:122.93,125.2 2 0
cli-project/tests/mocks/services/mock_user_service_interface.go:128.94,134.2 5 0
cli-project/tests/mocks/services/mock_user_service_interface.go:137.94,140.2 2 0
cli-project/tests/mocks/services/mock_user_service_interface.go:143.70,149.2 5 0
cli-project/tests/mocks/services/mock_user_service_interface.go:152.85,155.2 2 0
cli-project/tests/mocks/services/mock_user_service_interface.go:158.94,164.2 5 0
cli-project/tests/mocks/services/mock_user_service_interface.go:167.94,170.2 2 0
cli-project/tests/mocks/services/mock_user_service_interface.go:173.77,179.2 5 0
cli-project/tests/mocks/services/mock_user_service_interface.go:182.89,185.2 2 0
cli-project/tests/mocks/services/mock_user_service_interface.go:188.70,194.2 5 0
cli-project/tests/mocks/services/mock_user_service_interface.go:197.85,200.2 2 0
cli-project/tests/mocks/services/mock_user_service_interface.go:203.69,209.2 5 0
cli-project/tests/mocks/services/mock_user_service_interface.go:212.86,215.2 2 0
cli-project/tests/mocks/services/mock_user_service_interface.go:218.66,223.2 4 0
cli-project/tests/mocks/services/mock_user_service_interface.go:226.91,229.2 2 0
cli-project/tests/mocks/services/mock_user_service_interface.go:232.42,237.2 4 0
cli-project/tests/mocks/services/mock_user_service_interface.go:240.62,243.2 2 0
cli-project/tests/mocks/services/mock_user_service_interface.go:246.67,251.2 4 0
cli-project/tests/mocks/services/mock_user_service_interface.go:254.78,257.2 2 0
cli-project/tests/mocks/services/mock_user_service_interface.go:260.68,266.2 5 0
cli-project/tests/mocks/services/mock_user_service_interface.go:269.85,272.2 2 0
cli-project/tests/mocks/services/mock_user_service_interface.go:275.54,280.2 4 0
cli-project/tests/mocks/services/mock_user_service_interface.go:283.74,286.2 2 0
cli-project/tests/mocks/services/mock_user_service_interface.go:289.49,294.2 4 0
cli-project/tests/mocks/services/mock_user_service_interface.go:297.69,300.2 2 0
